<?xml version="1.0" encoding="UTF-8"?>
<testng-results ignored="0" total="2" passed="2" failed="0" skipped="0">
  <reporter-output>
  </reporter-output>
  <suite started-at="2025-10-21T13:06:55 CST" name="Suite" finished-at="2025-10-21T13:07:34 CST" duration-ms="38465">
    <groups>
    </groups>
    <test started-at="2025-10-21T13:06:55 CST" name="Test" finished-at="2025-10-21T13:07:34 CST" duration-ms="38465">
      <class name="appiumSetup.BaseNativeApp">
        <test-method signature="NativeApp()[pri:0, instance:appiumSetup.BaseNativeApp@6b19b79]" started-at="2025-10-21T13:07:20 CST" name="NativeApp" finished-at="2025-10-21T13:07:34 CST" duration-ms="13960" status="PASS">
          <reporter-output>
          </reporter-output>
        </test-method> <!-- NativeApp -->
      </class> <!-- appiumSetup.BaseNativeApp -->
      <class name="appiumSetup.BaseWebApp">
        <test-method signature="AppiumConnect()[pri:0, instance:appiumSetup.BaseWebApp@23986957]" started-at="2025-10-21T13:06:55 CST" name="AppiumConnect" finished-at="2025-10-21T13:07:20 CST" duration-ms="24474" status="PASS">
          <reporter-output>
          </reporter-output>
        </test-method> <!-- AppiumConnect -->
      </class> <!-- appiumSetup.BaseWebApp -->
    </test> <!-- Test -->
  </suite> <!-- Suite -->
</testng-results>
