<?xml version="1.0" encoding="UTF-8"?>
<testsuite xmlns:xsi="http://www.w3.org/2001/XMLSchema-instance" xsi:noNamespaceSchemaLocation="https://maven.apache.org/surefire/maven-surefire-plugin/xsd/surefire-test-report.xsd" version="3.0.2" name="TestSuite" time="38.934" tests="2" errors="0" skipped="0" failures="0">
  <properties>
[...]
</properties>
  <testcase name="AppiumConnect" classname="appiumSetup.BaseWebApp" time="24.475">
    <system-out><![CDATA[&amp#27;[38;5;112m[Appium]&amp#27;[0m Welcome to Appium v3.1.0
&amp#27;[38;5;112m[Appium]&amp#27;[0m Non-default server args:
&amp#27;[38;5;112m[Appium]&amp#27;[0m { address: &amp#27;[32m'127.0.0.1'&amp#27;[39m }
&amp#27;[38;5;112m[Appium]&amp#27;[0m The autodetected Appium home path: C:\Users\scottbyron.escueta
&amp#27;[38;5;112m[Appium]&amp#27;[0m Attempting to load driver uiautomator2...
&amp#27;[38;5;112m[Appium]&amp#27;[0m Attempting to load driver xcuitest...
&amp#27;[38;5;112m[Appium]&amp#27;[0m Requiring driver at C:\Users\scottbyron.escueta\node_modules\appium-uiautomator2-driver\build\index.js
&amp#27;[38;5;112m[Appium]&amp#27;[0m AndroidUiautomator2Driver has been successfully loaded in 1.102s
&amp#27;[38;5;112m[Appium]&amp#27;[0m Requiring driver at C:\Users\scottbyron.escueta\node_modules\appium-xcuitest-driver\build\index.js
&amp#27;[38;5;112m[Appium]&amp#27;[0m XCUITestDriver has been successfully loaded in 2.243s
&amp#27;[38;5;112m[Appium]&amp#27;[0m Appium REST http interface listener started on http://127.0.0.1:4723
&amp#27;[38;5;112m[Appium]&amp#27;[0m Available drivers:
&amp#27;[38;5;112m[Appium]&amp#27;[0m   - uiautomator2@5.0.5 (automationName 'UiAutomator2')
&amp#27;[38;5;112m[Appium]&amp#27;[0m   - xcuitest@10.2.2 (automationName 'XCUITest')
&amp#27;[38;5;112m[Appium]&amp#27;[0m No plugins have been installed. Use the "appium plugin" command to install the one(s) you want to use.
&amp#27;[38;5;86m[HTTP]&amp#27;[0m &amp#27;[37m-->&amp#27;[39m &amp#27;[37mGET&amp#27;[39m &amp#27;[37m/status&amp#27;[39m &amp#27;[90m&amp#27;[39m
&amp#27;[38;5;79m[AppiumDriver@ecb1]&amp#27;[0m Calling AppiumDriver.getStatus() with args: []
&amp#27;[38;5;79m[AppiumDriver@ecb1]&amp#27;[0m Responding to client with driver.getStatus() result: {"ready":true,"message":"The server is ready to accept new connections","build":{"version":"3.1.0"}}
&amp#27;[38;5;86m[HTTP]&amp#27;[0m &amp#27;[37m<-- GET /status &amp#27;[39m&amp#27;[32m200&amp#27;[39m &amp#27;[90m5 ms - 110&amp#27;[39m &amp#27;[90m&amp#27;[39m
&amp#27;[38;5;86m[HTTP]&amp#27;[0m Request idempotency key: c5a93c1e-1c8e-42ef-8b75-aa99142d3a06
&amp#27;[38;5;86m[HTTP]&amp#27;[0m &amp#27;[37m-->&amp#27;[39m &amp#27;[37mPOST&amp#27;[39m &amp#27;[37m/session&amp#27;[39m &amp#27;[90m{"capabilities":{"firstMatch":[{"browserName":"Chrome","appium:chromedriverExecutable":"C:\\Users\\scottbyron.escueta\\Downloads\\chromedriver-win64\\chromedriver.exe","appium:deviceName":"TestAppiumGPTT","platformName":"ANDROID","appium:automationName":"UIAutomator2"}]}}&amp#27;[39m
&amp#27;[38;5;79m[AppiumDriver@ecb1]&amp#27;[0m Calling AppiumDriver.createSession() with args: [{"firstMatch":[{"browserName":"Chrome","appium:chromedriverExecutable":"C:\\Users\\scottbyron.escueta\\Downloads\\chromedriver-win64\\chromedriver.exe","appium:deviceName":"TestAppiumGPTT","platformName":"ANDROID","appium:automationName":"UIAutomator2"}]},{"firstMatch":[{"browserName":"Chrome","appium:chromedriverExecutable":"C:\\Users\\scottbyron.escueta\\Downloads\\chromedriver-win64\\chromedriver.exe","appium:deviceName":"TestAppiumGPTT","platformName":"ANDROID","appium:automationName":"UIAutomator2"}]},{"firstMatch":[{"browserName":"Chrome","appium:chromedriverExecutable":"C:\\Users\\scottbyron.escueta\\Downloads\\chromedriver-win64\\chromedriver.exe","appium:deviceName":"TestAppiumGPTT","platformName":"ANDROID","appium:automationName":"UIAutomator2"}]}]
&amp#27;[38;5;79m[AppiumDriver@ecb1]&amp#27;[0m Event 'newSessionRequested' logged at 1761023220363 (13:07:00 GMT+0800 (China Standard Time))
&amp#27;[38;5;112m[Appium]&amp#27;[0m Attempting to find matching driver for automationName 'UIAutomator2' and platformName 'ANDROID'
&amp#27;[38;5;112m[Appium]&amp#27;[0m The 'uiautomator2' driver was installed and matched caps.
&amp#27;[38;5;112m[Appium]&amp#27;[0m Will require it at C:\Users\scottbyron.escueta\node_modules\appium-uiautomator2-driver
&amp#27;[38;5;112m[Appium]&amp#27;[0m Requiring driver at C:\Users\scottbyron.escueta\node_modules\appium-uiautomator2-driver\build\index.js
&amp#27;[38;5;79m[AppiumDriver@ecb1]&amp#27;[0m Appium v3.1.0 creating new AndroidUiautomator2Driver (v5.0.5) session
&amp#27;[38;5;79m[AppiumDriver@ecb1]&amp#27;[0m Checking BaseDriver versions for Appium and AndroidUiautomator2Driver
&amp#27;[38;5;79m[AppiumDriver@ecb1]&amp#27;[0m Appium's BaseDriver version is 10.1.0
&amp#27;[38;5;79m[AppiumDriver@ecb1]&amp#27;[0m AndroidUiautomator2Driver's BaseDriver version is 10.1.0
&amp#27;[38;5;-2m[AndroidUiautomator2Driver@f9ac]&amp#27;[0m 
&amp#27;[38;5;-2m[AndroidUiautomator2Driver@f9ac]&amp#27;[0m Creating session with W3C capabilities: {
  "alwaysMatch": {
    "browserName": "Chrome",
    "platformName": "ANDROID",
    "appium:chromedriverExecutable": "C:\\Users\\scottbyron.escueta\\Downloads\\chromedriver-win64\\chromedriver.exe",
    "appium:deviceName": "TestAppiumGPTT",
    "appium:automationName": "UIAutomator2"
  },
  "firstMatch": [
    {}
  ]
}
&amp#27;[38;5;83m[945d22e8]&amp#27;[0m&amp#27;[38;5;-2m[AndroidUiautomator2Driver@f9ac]&amp#27;[0m Session created with session id: 945d22e8-2eab-431a-b60d-f47c564b71b8
&amp#27;[38;5;83m[945d22e8]&amp#27;[0m&amp#27;[38;5;229m[ADB]&amp#27;[0m Found 2 'build-tools' folders under 'C:\Users\scottbyron.escueta\AppData\Local\Android\Sdk' (newest first):
&amp#27;[38;5;83m[945d22e8]&amp#27;[0m&amp#27;[38;5;229m[ADB]&amp#27;[0m     C:\Users\scottbyron.escueta\AppData\Local\Android\Sdk\build-tools\36.1.0
&amp#27;[38;5;83m[945d22e8]&amp#27;[0m&amp#27;[38;5;229m[ADB]&amp#27;[0m     C:\Users\scottbyron.escueta\AppData\Local\Android\Sdk\build-tools\35.0.0
&amp#27;[38;5;83m[945d22e8]&amp#27;[0m&amp#27;[38;5;229m[ADB]&amp#27;[0m Using 'adb.exe' from 'C:\Users\scottbyron.escueta\AppData\Local\Android\Sdk\platform-tools\adb.exe'
&amp#27;[38;5;83m[945d22e8]&amp#27;[0m&amp#27;[38;5;229m[ADB]&amp#27;[0m Running 'C:\Users\scottbyron.escueta\AppData\Local\Android\Sdk\platform-tools\adb.exe -P 5037 start-server'
&amp#27;[38;5;83m[945d22e8]&amp#27;[0m&amp#27;[38;5;-2m[AndroidUiautomator2Driver@f9ac]&amp#27;[0m Retrieving device list
&amp#27;[38;5;83m[945d22e8]&amp#27;[0m&amp#27;[38;5;229m[ADB]&amp#27;[0m Trying to find connected Android devices
&amp#27;[38;5;83m[945d22e8]&amp#27;[0m&amp#27;[38;5;229m[ADB]&amp#27;[0m Getting connected devices
&amp#27;[38;5;83m[945d22e8]&amp#27;[0m&amp#27;[38;5;229m[ADB]&amp#27;[0m Connected devices: [{"udid":"emulator-5554","state":"device"}]
&amp#27;[38;5;83m[945d22e8]&amp#27;[0m&amp#27;[38;5;-2m[AndroidUiautomator2Driver@f9ac]&amp#27;[0m Using device: emulator-5554
&amp#27;[38;5;83m[945d22e8]&amp#27;[0m&amp#27;[38;5;229m[ADB]&amp#27;[0m Using 'adb.exe' from 'C:\Users\scottbyron.escueta\AppData\Local\Android\Sdk\platform-tools\adb.exe'
&amp#27;[38;5;83m[945d22e8]&amp#27;[0m&amp#27;[38;5;229m[ADB]&amp#27;[0m Running 'C:\Users\scottbyron.escueta\AppData\Local\Android\Sdk\platform-tools\adb.exe -P 5037 start-server'
&amp#27;[38;5;83m[945d22e8]&amp#27;[0m&amp#27;[38;5;229m[ADB]&amp#27;[0m Setting device id to emulator-5554
&amp#27;[38;5;83m[945d22e8]&amp#27;[0m&amp#27;[38;5;-2m[AndroidUiautomator2Driver@f9ac]&amp#27;[0m We're going to run a Chrome-based session
&amp#27;[38;5;83m[945d22e8]&amp#27;[0m&amp#27;[38;5;229m[ADB]&amp#27;[0m Running 'C:\Users\scottbyron.escueta\AppData\Local\Android\Sdk\platform-tools\adb.exe -P 5037 -s emulator-5554 shell getprop ro.build.version.sdk'
&amp#27;[38;5;83m[945d22e8]&amp#27;[0m&amp#27;[38;5;229m[ADB]&amp#27;[0m Current device property 'ro.build.version.sdk': 33
&amp#27;[38;5;83m[945d22e8]&amp#27;[0m&amp#27;[38;5;229m[ADB]&amp#27;[0m Getting device platform version
&amp#27;[38;5;83m[945d22e8]&amp#27;[0m&amp#27;[38;5;229m[ADB]&amp#27;[0m Running 'C:\Users\scottbyron.escueta\AppData\Local\Android\Sdk\platform-tools\adb.exe -P 5037 -s emulator-5554 shell getprop ro.build.version.release'
&amp#27;[38;5;83m[945d22e8]&amp#27;[0m&amp#27;[38;5;229m[ADB]&amp#27;[0m Current device property 'ro.build.version.release': 13
&amp#27;[38;5;83m[945d22e8]&amp#27;[0m&amp#27;[38;5;229m[ADB]&amp#27;[0m Device API level: 33
&amp#27;[38;5;83m[945d22e8]&amp#27;[0m&amp#27;[38;5;229m[ADB]&amp#27;[0m Running 'C:\Users\scottbyron.escueta\AppData\Local\Android\Sdk\platform-tools\adb.exe -P 5037 -s emulator-5554 shell cmd package resolve-activity --brief com.android.chrome'
&amp#27;[38;5;83m[945d22e8]&amp#27;[0m&amp#27;[38;5;-2m[AndroidUiautomator2Driver@f9ac]&amp#27;[0m Chrome-type package and activity are com.android.chrome and com.android.chrome/com.google.android.apps.chrome.Main
&amp#27;[38;5;83m[945d22e8]&amp#27;[0m&amp#27;[38;5;-2m[AndroidUiautomator2Driver@f9ac]&amp#27;[0m Starting 'com.android.chrome' directly on the device
&amp#27;[38;5;83m[945d22e8]&amp#27;[0m&amp#27;[38;5;-2m[AndroidUiautomator2Driver@f9ac]&amp#27;[0m Relaxing hidden api policy
&amp#27;[38;5;83m[945d22e8]&amp#27;[0m&amp#27;[38;5;229m[ADB]&amp#27;[0m Running 'C:\Users\scottbyron.escueta\AppData\Local\Android\Sdk\platform-tools\adb.exe -P 5037 -s emulator-5554 shell 'settings put global hidden_api_policy_pre_p_apps 1;settings put global hidden_api_policy_p_apps 1;settings put global hidden_api_policy 1''
&amp#27;[38;5;83m[945d22e8]&amp#27;[0m&amp#27;[38;5;229m[ADB]&amp#27;[0m Running 'C:\Users\scottbyron.escueta\AppData\Local\Android\Sdk\platform-tools\adb.exe -P 5037 -s emulator-5554 wait-for-device'
&amp#27;[38;5;83m[945d22e8]&amp#27;[0m&amp#27;[38;5;229m[ADB]&amp#27;[0m Running 'C:\Users\scottbyron.escueta\AppData\Local\Android\Sdk\platform-tools\adb.exe -P 5037 -s emulator-5554 shell echo ping'
&amp#27;[38;5;83m[945d22e8]&amp#27;[0m&amp#27;[38;5;-2m[AndroidUiautomator2Driver@f9ac]&amp#27;[0m Pushing settings apk to the device...
&amp#27;[38;5;83m[945d22e8]&amp#27;[0m&amp#27;[38;5;229m[ADB]&amp#27;[0m Getting package info for 'io.appium.settings'
&amp#27;[38;5;83m[945d22e8]&amp#27;[0m&amp#27;[38;5;229m[ADB]&amp#27;[0m Running 'C:\Users\scottbyron.escueta\AppData\Local\Android\Sdk\platform-tools\adb.exe -P 5037 -s emulator-5554 shell dumpsys package io.appium.settings'
&amp#27;[38;5;83m[945d22e8]&amp#27;[0m&amp#27;[38;5;229m[ADB]&amp#27;[0m Using 'aapt2.exe' from 'C:\Users\scottbyron.escueta\AppData\Local\Android\Sdk\build-tools\36.1.0\aapt2.exe'
&amp#27;[38;5;83m[945d22e8]&amp#27;[0m&amp#27;[38;5;229m[ADB]&amp#27;[0m Reading package manifest: ''C:\Users\scottbyron.escueta\AppData\Local\Android\Sdk\build-tools\36.1.0\aapt2.exe' dump badging 'C:\Users\scottbyron.escueta\node_modules\appium-uiautomator2-driver\node_modules\io.appium.settings\apks\settings_apk-debug.apk''
&amp#27;[38;5;83m[945d22e8]&amp#27;[0m&amp#27;[38;5;229m[ADB]&amp#27;[0m The version name of the installed 'io.appium.settings' is greater or equal to the application version name ('6.0.6' >= '6.0.6')
&amp#27;[38;5;83m[945d22e8]&amp#27;[0m&amp#27;[38;5;229m[ADB]&amp#27;[0m There is no need to install/upgrade 'C:\Users\scottbyron.escueta\node_modules\appium-uiautomator2-driver\node_modules\io.appium.settings\apks\settings_apk-debug.apk'
&amp#27;[38;5;83m[945d22e8]&amp#27;[0m&amp#27;[38;5;229m[ADB]&amp#27;[0m Running 'C:\Users\scottbyron.escueta\AppData\Local\Android\Sdk\platform-tools\adb.exe -P 5037 -s emulator-5554 shell dumpsys activity services io.appium.settings'
&amp#27;[38;5;83m[945d22e8]&amp#27;[0m&amp#27;[38;5;-2m[AndroidUiautomator2Driver@f9ac]&amp#27;[0m io.appium.settings is already running. There is no need to reset its permissions.
&amp#27;[38;5;83m[945d22e8]&amp#27;[0m&amp#27;[38;5;160m[Logcat]&amp#27;[0m Starting logs capture with command: 'C:\Users\scottbyron.escueta\AppData\Local\Android\Sdk\platform-tools\adb.exe' -P 5037 -s emulator-5554 logcat -v threadtime
&amp#27;[38;5;83m[945d22e8]&amp#27;[0m&amp#27;[38;5;-2m[AndroidUiautomator2Driver@f9ac]&amp#27;[0m Forwarding UiAutomator2 Server port 6790 to local port 8200
&amp#27;[38;5;83m[945d22e8]&amp#27;[0m&amp#27;[38;5;229m[ADB]&amp#27;[0m Forwarding system: 8200 to device: 6790
&amp#27;[38;5;83m[945d22e8]&amp#27;[0m&amp#27;[38;5;229m[ADB]&amp#27;[0m Running 'C:\Users\scottbyron.escueta\AppData\Local\Android\Sdk\platform-tools\adb.exe -P 5037 -s emulator-5554 forward tcp:8200 tcp:6790'
&amp#27;[38;5;83m[945d22e8]&amp#27;[0m&amp#27;[38;5;-2m[AndroidUiautomator2Driver@f9ac]&amp#27;[0m UIA2Proxy options: {"server":"127.0.0.1","port":8200,"keepAlive":true,"scheme":"http","base":"","reqBasePath":"","sessionId":null,"timeout":240000}
&amp#27;[38;5;83m[945d22e8]&amp#27;[0m&amp#27;[38;5;229m[ADB]&amp#27;[0m Getting package info for 'io.appium.uiautomator2.server'
&amp#27;[38;5;83m[945d22e8]&amp#27;[0m&amp#27;[38;5;229m[ADB]&amp#27;[0m Running 'C:\Users\scottbyron.escueta\AppData\Local\Android\Sdk\platform-tools\adb.exe -P 5037 -s emulator-5554 shell dumpsys package io.appium.uiautomator2.server'
&amp#27;[38;5;83m[945d22e8]&amp#27;[0m&amp#27;[38;5;229m[ADB]&amp#27;[0m Getting install status for io.appium.uiautomator2.server.test
&amp#27;[38;5;83m[945d22e8]&amp#27;[0m&amp#27;[38;5;-2m[AndroidUiautomator2Driver@f9ac]&amp#27;[0m No app capability. Assuming it is already on the device
&amp#27;[38;5;83m[945d22e8]&amp#27;[0m&amp#27;[38;5;229m[ADB]&amp#27;[0m Getting install status for com.android.chrome
&amp#27;[38;5;83m[945d22e8]&amp#27;[0m&amp#27;[38;5;229m[ADB]&amp#27;[0m Running 'C:\Users\scottbyron.escueta\AppData\Local\Android\Sdk\platform-tools\adb.exe -P 5037 -s emulator-5554 shell cmd package list packages'
&amp#27;[38;5;83m[945d22e8]&amp#27;[0m&amp#27;[38;5;229m[ADB]&amp#27;[0m Running 'C:\Users\scottbyron.escueta\AppData\Local\Android\Sdk\platform-tools\adb.exe -P 5037 -s emulator-5554 shell cmd package list packages'
&amp#27;[38;5;83m[945d22e8]&amp#27;[0m&amp#27;[38;5;229m[ADB]&amp#27;[0m 'io.appium.uiautomator2.server.test' is installed
&amp#27;[38;5;83m[945d22e8]&amp#27;[0m&amp#27;[38;5;229m[ADB]&amp#27;[0m Reading package manifest: ''C:\Users\scottbyron.escueta\AppData\Local\Android\Sdk\build-tools\36.1.0\aapt2.exe' dump badging 'C:\Users\scottbyron.escueta\node_modules\appium-uiautomator2-driver\node_modules\appium-uiautomator2-server\apks\appium-uiautomator2-server-v8.1.1.apk''
&amp#27;[38;5;83m[945d22e8]&amp#27;[0m&amp#27;[38;5;229m[ADB]&amp#27;[0m 'com.android.chrome' is installed
&amp#27;[38;5;83m[945d22e8]&amp#27;[0m&amp#27;[38;5;229m[ADB]&amp#27;[0m Running 'C:\Users\scottbyron.escueta\AppData\Local\Android\Sdk\platform-tools\adb.exe -P 5037 -s emulator-5554 shell am force-stop com.android.chrome'
&amp#27;[38;5;83m[945d22e8]&amp#27;[0m&amp#27;[38;5;229m[ADB]&amp#27;[0m Running 'C:\Users\scottbyron.escueta\AppData\Local\Android\Sdk\platform-tools\adb.exe -P 5037 -s emulator-5554 shell pm clear com.android.chrome'
&amp#27;[38;5;83m[945d22e8]&amp#27;[0m&amp#27;[38;5;229m[ADB]&amp#27;[0m The version name of the installed 'io.appium.uiautomator2.server' is greater or equal to the application version name ('8.1.1' >= '8.1.1')
&amp#27;[38;5;83m[945d22e8]&amp#27;[0m&amp#27;[38;5;-2m[AndroidUiautomator2Driver@f9ac]&amp#27;[0m Server packages status: [{"installState":"sameVersionInstalled","appPath":"C:\\Users\\scottbyron.escueta\\node_modules\\appium-uiautomator2-driver\\node_modules\\appium-uiautomator2-server\\apks\\appium-uiautomator2-server-v8.1.1.apk","appId":"io.appium.uiautomator2.server"},{"installState":"sameVersionInstalled","appPath":"C:\\Users\\scottbyron.escueta\\node_modules\\appium-uiautomator2-driver\\node_modules\\appium-uiautomator2-server\\apks\\appium-uiautomator2-server-debug-androidTest.apk","appId":"io.appium.uiautomator2.server.test"}]
&amp#27;[38;5;83m[945d22e8]&amp#27;[0m&amp#27;[38;5;-2m[AndroidUiautomator2Driver@f9ac]&amp#27;[0m Server packages are not going to be (re)installed
&amp#27;[38;5;83m[945d22e8]&amp#27;[0m&amp#27;[38;5;-2m[AndroidUiautomator2Driver@f9ac]&amp#27;[0m Waiting up to 30000ms for services to be available
&amp#27;[38;5;83m[945d22e8]&amp#27;[0m&amp#27;[38;5;229m[ADB]&amp#27;[0m Running 'C:\Users\scottbyron.escueta\AppData\Local\Android\Sdk\platform-tools\adb.exe -P 5037 -s emulator-5554 shell pm list instrumentation'
&amp#27;[38;5;83m[945d22e8]&amp#27;[0m&amp#27;[38;5;-2m[AndroidUiautomator2Driver@f9ac]&amp#27;[0m Instrumentation target 'io.appium.uiautomator2.server.test/androidx.test.runner.AndroidJUnitRunner' is available
&amp#27;[38;5;83m[945d22e8]&amp#27;[0m&amp#27;[38;5;229m[ADB]&amp#27;[0m Adding packages ["io.appium.settings","io.appium.uiautomator2.server","io.appium.uiautomator2.server.test"] to Doze whitelist
&amp#27;[38;5;83m[945d22e8]&amp#27;[0m&amp#27;[38;5;229m[ADB]&amp#27;[0m Got the following command chunks to execute: [["dumpsys","deviceidle","whitelist","+io.appium.settings",";","dumpsys","deviceidle","whitelist","+io.appium.uiautomator2.server",";","dumpsys","deviceidle","whitelist","+io.appium.uiautomator2.server.test",";"]]
&amp#27;[38;5;83m[945d22e8]&amp#27;[0m&amp#27;[38;5;229m[ADB]&amp#27;[0m Running 'C:\Users\scottbyron.escueta\AppData\Local\Android\Sdk\platform-tools\adb.exe -P 5037 -s emulator-5554 shell dumpsys deviceidle whitelist +io.appium.settings ; dumpsys deviceidle whitelist +io.appium.uiautomator2.server ; dumpsys deviceidle whitelist +io.appium.uiautomator2.server.test ;'
&amp#27;[38;5;83m[945d22e8]&amp#27;[0m&amp#27;[38;5;-2m[AndroidUiautomator2Driver@f9ac]&amp#27;[0m Performed fast reset on the installed 'com.android.chrome' application (stop and clear)
&amp#27;[38;5;83m[945d22e8]&amp#27;[0m&amp#27;[38;5;-2m[AndroidUiautomator2Driver@f9ac]&amp#27;[0m Performing shallow cleanup of automation leftovers
&amp#27;[38;5;83m[945d22e8]&amp#27;[0m&amp#27;[38;5;-2m[AndroidUiautomator2Driver@f9ac]&amp#27;[0m No obsolete sessions have been detected (socket hang up)
&amp#27;[38;5;83m[945d22e8]&amp#27;[0m&amp#27;[38;5;229m[ADB]&amp#27;[0m Running 'C:\Users\scottbyron.escueta\AppData\Local\Android\Sdk\platform-tools\adb.exe -P 5037 -s emulator-5554 shell am force-stop io.appium.uiautomator2.server'
&amp#27;[38;5;83m[945d22e8]&amp#27;[0m&amp#27;[38;5;229m[ADB]&amp#27;[0m Running 'C:\Users\scottbyron.escueta\AppData\Local\Android\Sdk\platform-tools\adb.exe -P 5037 -s emulator-5554 shell am force-stop io.appium.uiautomator2.server.test'
&amp#27;[38;5;83m[945d22e8]&amp#27;[0m&amp#27;[38;5;-2m[AndroidUiautomator2Driver@f9ac]&amp#27;[0m Starting UIAutomator2 server 8.1.1
&amp#27;[38;5;83m[945d22e8]&amp#27;[0m&amp#27;[38;5;-2m[AndroidUiautomator2Driver@f9ac]&amp#27;[0m Using UIAutomator2 server from 'C:\Users\scottbyron.escueta\node_modules\appium-uiautomator2-driver\node_modules\appium-uiautomator2-server\apks\appium-uiautomator2-server-v8.1.1.apk' and test from 'C:\Users\scottbyron.escueta\node_modules\appium-uiautomator2-driver\node_modules\appium-uiautomator2-server\apks\appium-uiautomator2-server-debug-androidTest.apk'
&amp#27;[38;5;83m[945d22e8]&amp#27;[0m&amp#27;[38;5;-2m[AndroidUiautomator2Driver@f9ac]&amp#27;[0m Waiting up to 30000ms for UiAutomator2 to be online...
&amp#27;[38;5;83m[945d22e8]&amp#27;[0m&amp#27;[38;5;229m[ADB]&amp#27;[0m Creating ADB subprocess with args: ["-P","5037","-s","emulator-5554","shell","am","instrument","-w","-e","disableAnalytics","true","io.appium.uiautomator2.server.test/androidx.test.runner.AndroidJUnitRunner"]
&amp#27;[38;5;83m[945d22e8]&amp#27;[0m&amp#27;[38;5;-2m[AndroidUiautomator2Driver@f9ac]&amp#27;[0m Matched '/status' to command name 'getStatus'
&amp#27;[38;5;83m[945d22e8]&amp#27;[0m&amp#27;[38;5;-2m[AndroidUiautomator2Driver@f9ac]&amp#27;[0m Proxying [GET /status] to [GET http://127.0.0.1:8200/status] with no body
&amp#27;[38;5;83m[945d22e8]&amp#27;[0m&amp#27;[38;5;-2m[AndroidUiautomator2Driver@f9ac]&amp#27;[0m socket hang up
&amp#27;[38;5;83m[945d22e8]&amp#27;[0m&amp#27;[38;5;-2m[AndroidUiautomator2Driver@f9ac]&amp#27;[0m Matched '/status' to command name 'getStatus'
&amp#27;[38;5;83m[945d22e8]&amp#27;[0m&amp#27;[38;5;-2m[AndroidUiautomator2Driver@f9ac]&amp#27;[0m Proxying [GET /status] to [GET http://127.0.0.1:8200/status] with no body
&amp#27;[38;5;83m[945d22e8]&amp#27;[0m&amp#27;[38;5;-2m[AndroidUiautomator2Driver@f9ac]&amp#27;[0m socket hang up
&amp#27;[38;5;83m[945d22e8]&amp#27;[0m&amp#27;[38;5;-2m[AndroidUiautomator2Driver@f9ac]&amp#27;[0m [Instrumentation] 
&amp#27;[38;5;83m[945d22e8]&amp#27;[0m&amp#27;[38;5;-2m[AndroidUiautomator2Driver@f9ac]&amp#27;[0m Matched '/status' to command name 'getStatus'
&amp#27;[38;5;83m[945d22e8]&amp#27;[0m&amp#27;[38;5;-2m[AndroidUiautomator2Driver@f9ac]&amp#27;[0m Proxying [GET /status] to [GET http://127.0.0.1:8200/status] with no body
&amp#27;[38;5;83m[945d22e8]&amp#27;[0m&amp#27;[38;5;-2m[AndroidUiautomator2Driver@f9ac]&amp#27;[0m Got response with status 200: {"sessionId":"None","value":{"build":{"version":"8.1.1","versionCode":223},"message":"UiAutomator2 Server is ready to accept commands","ready":true}}
&amp#27;[38;5;83m[945d22e8]&amp#27;[0m&amp#27;[38;5;-2m[AndroidUiautomator2Driver@f9ac]&amp#27;[0m The initialization of the instrumentation process took 2165ms
&amp#27;[38;5;83m[945d22e8]&amp#27;[0m&amp#27;[38;5;-2m[AndroidUiautomator2Driver@f9ac]&amp#27;[0m Matched '/session' to command name 'createSession'
&amp#27;[38;5;83m[945d22e8]&amp#27;[0m&amp#27;[38;5;-2m[AndroidUiautomator2Driver@f9ac]&amp#27;[0m Proxying [POST /session] to [POST http://127.0.0.1:8200/session] with body: {"capabilities":{"firstMatch":[{"browserName":"Chrome","platformName":"ANDROID","chromedriverExecutable":"C:\\Users\\scottbyron.escueta\\Downloads\\chromedriver-win64\\chromedriver.exe","deviceName":"emulator-5554","automationName":"UIAutomator2","platform":"LINUX","webStorageEnabled":false,"takesScreenshot":true,"javascriptEnabled":true,"databaseEnabled":false,"networkConnectionEnabled":true,"locationContextEnabled":false,"warnings":{},"desired":{"browserName":"Chrome","platformName":"ANDROID","chromedriverExecutable":"C:\\Users\\scottbyron.escueta\\Downloads\\chromedriver-win64\\chromedriver.exe","deviceName":"TestAppiumGPTT","automationName":"UIAutomator2","appPackage":"com.android.chrome","appActivity":"com.android.chrome/com.google.android.apps.chrome.Main"},"deviceUDID":"emulator-5554"}],"alwaysMatch":{}}}
&amp#27;[38;5;83m[945d22e8]&amp#27;[0m&amp#27;[38;5;-2m[AndroidUiautomator2Driver@f9ac]&amp#27;[0m Got response with status 200: {"sessionId":"d2e5cef1-521f-46f9-839a-6ff22338dbf3","value":{"capabilities":{"firstMatch":[{"browserName":"Chrome","platformName":"ANDROID","chromedriverExecutable":"C:\\Users\\scottbyron.escueta\\Downloads\\chromedriver-win64\\chromedriver.exe","deviceName":"emulator-5554","automationName":"UIAutomator2","platform":"LINUX","webStorageEnabled":false,"takesScreenshot":true,"javascriptEnabled":true,"databaseEnabled":false,"networkConnectionEnabled":true,"locationContextEnabled":false,"warnings":{},"desired":{"browserName":"Chrome","platformName":"ANDROID","chromedriverExecutable":"C:\\Users\\scottbyron.escueta\\Downloads\\chromedriver-win64\\chromedriver.exe","deviceName":"TestAppiumGPTT","automationName":"UIAutomator2","appPackage":"com.android.chrome","appActivity":"com.android.chrome/com.google.android.apps.chrome.Main"},"deviceUDID":"emulator-5554"}],"alwaysMatch":{}},"sessionId":"d2e5cef1-521f-46f9-839a-6ff22338dbf3"}}
&amp#27;[38;5;83m[945d22e8]&amp#27;[0m&amp#27;[38;5;-2m[AndroidUiautomator2Driver@f9ac]&amp#27;[0m Determined the downstream protocol as 'W3C'
&amp#27;[38;5;83m[945d22e8]&amp#27;[0m&amp#27;[38;5;-2m[AndroidUiautomator2Driver@f9ac]&amp#27;[0m Proxying [GET /appium/device/pixel_ratio] to [GET http://127.0.0.1:8200/session/d2e5cef1-521f-46f9-839a-6ff22338dbf3/appium/device/pixel_ratio] with no body
&amp#27;[38;5;83m[945d22e8]&amp#27;[0m&amp#27;[38;5;-2m[AndroidUiautomator2Driver@f9ac]&amp#27;[0m Proxying [GET /appium/device/system_bars] to [GET http://127.0.0.1:8200/session/d2e5cef1-521f-46f9-839a-6ff22338dbf3/appium/device/system_bars] with no body
&amp#27;[38;5;83m[945d22e8]&amp#27;[0m&amp#27;[38;5;-2m[AndroidUiautomator2Driver@f9ac]&amp#27;[0m Proxying [GET /window/current/size] to [GET http://127.0.0.1:8200/session/d2e5cef1-521f-46f9-839a-6ff22338dbf3/window/current/size] with no body
&amp#27;[38;5;83m[945d22e8]&amp#27;[0m&amp#27;[38;5;-2m[AndroidUiautomator2Driver@f9ac]&amp#27;[0m Proxying [GET /appium/device/info] to [GET http://127.0.0.1:8200/session/d2e5cef1-521f-46f9-839a-6ff22338dbf3/appium/device/info] with no body
&amp#27;[38;5;83m[945d22e8]&amp#27;[0m&amp#27;[38;5;229m[ADB]&amp#27;[0m Running 'C:\Users\scottbyron.escueta\AppData\Local\Android\Sdk\platform-tools\adb.exe -P 5037 -s emulator-5554 shell dumpsys window'
&amp#27;[38;5;83m[945d22e8]&amp#27;[0m&amp#27;[38;5;229m[ADB]&amp#27;[0m Running 'C:\Users\scottbyron.escueta\AppData\Local\Android\Sdk\platform-tools\adb.exe -P 5037 -s emulator-5554 shell dumpsys power'
&amp#27;[38;5;83m[945d22e8]&amp#27;[0m&amp#27;[38;5;-2m[AndroidUiautomator2Driver@f9ac]&amp#27;[0m Got response with status 200: {"sessionId":"d2e5cef1-521f-46f9-839a-6ff22338dbf3","value":2.75}
&amp#27;[38;5;83m[945d22e8]&amp#27;[0m&amp#27;[38;5;-2m[AndroidUiautomator2Driver@f9ac]&amp#27;[0m Got response with status 200: {"sessionId":"d2e5cef1-521f-46f9-839a-6ff22338dbf3","value":{"height":2280,"width":1080}}
&amp#27;[38;5;83m[945d22e8]&amp#27;[0m&amp#27;[38;5;-2m[AndroidUiautomator2Driver@f9ac]&amp#27;[0m Got response with status 200: {"sessionId":"d2e5cef1-521f-46f9-839a-6ff22338dbf3","value":{"statusBar":83}}
&amp#27;[38;5;83m[945d22e8]&amp#27;[0m&amp#27;[38;5;-2m[AndroidUiautomator2Driver@f9ac]&amp#27;[0m Got response with status 200: {"sessionId":"d2e5cef1-521f-46f9-839a-6ff22338dbf3","value":{"androidId":"33f0a92de2293035","apiVersion":"33","bluetooth":{"state":"ON"},"brand":"google","carrierName":"T-Mobile","displayDensity":440,"locale":"en_US","manufacturer":"Google","model":"sdk_gphone64_x86_64","networks":[{"capabilities":{"SSID":null,"linkDownBandwidthKbps":30000,"linkUpstreamBandwidthKbps":12000,"networkCapabilities":"NET_CAPABILITY_NOT_METERED,NET_CAPABILITY_INTERNET,NET_CAPABILITY_NOT_RESTRICTED,NET_CAPABILITY_TRUSTED,NET_CAPABILITY_NOT_VPN,NET_CAPABILITY_VALIDATED,NET_CAPABILITY_NOT_ROAMING,NET_CAPABILITY_FOREGROUND,NET_CAPABILITY_NOT_CONGESTED,NET_CAPABILITY_NOT_SUSPENDED","signalStrength":-50,"transportTypes":"TRANSPORT_WIFI"},"detailedState":"CONNECTED","extraInfo":"","isAvailable":true,"isConnected":true,"isFailover":false,"isRoaming":false,"state":"CONNECTED","subtype":-1,"subtypeName":"","type":1,"typeName":"WIFI"},{"capabilities":{"SSID":null,"linkDownBandwidthKbps":4300,"linkUpstreamBandwidthKbps":1800,"networkCapabil...
&amp#27;[38;5;83m[945d22e8]&amp#27;[0m&amp#27;[38;5;-2m[AndroidUiautomator2Driver@f9ac]&amp#27;[0m Screen already unlocked, doing nothing
&amp#27;[38;5;83m[945d22e8]&amp#27;[0m&amp#27;[38;5;-2m[AndroidUiautomator2Driver@f9ac]&amp#27;[0m Starting a chrome-based browser session
&amp#27;[38;5;83m[945d22e8]&amp#27;[0m&amp#27;[38;5;-2m[AndroidUiautomator2Driver@f9ac]&amp#27;[0m A port was not given, using random free port: 62137
&amp#27;[38;5;83m[945d22e8]&amp#27;[0m&amp#27;[38;5;-2m[AndroidUiautomator2Driver@f9ac]&amp#27;[0m Automated Chromedriver download is disabled. Use 'chromedriver_autodownload' server feature to enable it
&amp#27;[38;5;83m[945d22e8]&amp#27;[0m&amp#27;[38;5;162m[Chromedriver@9706]&amp#27;[0m JWProxy options: {"server":"127.0.0.1","port":"62137","scheme":"http","base":"","reqBasePath":"","sessionId":null,"timeout":240000}
&amp#27;[38;5;83m[945d22e8]&amp#27;[0m&amp#27;[38;5;-2m[AndroidUiautomator2Driver@f9ac]&amp#27;[0m Precalculated Chromedriver capabilities: {
  "androidPackage": "com.android.chrome",
  "androidDeviceSerial": "emulator-5554"
}
&amp#27;[38;5;83m[945d22e8]&amp#27;[0m&amp#27;[38;5;-2m[AndroidUiautomator2Driver@f9ac]&amp#27;[0m Before starting chromedriver, androidPackage is 'com.android.chrome'
&amp#27;[38;5;83m[945d22e8]&amp#27;[0m&amp#27;[38;5;162m[Chromedriver@9706]&amp#27;[0m Changed state to 'starting'
&amp#27;[38;5;83m[945d22e8]&amp#27;[0m&amp#27;[38;5;162m[Chromedriver@9706]&amp#27;[0m Set chromedriver binary as: C:\Users\scottbyron.escueta\Downloads\chromedriver-win64\chromedriver.exe
&amp#27;[38;5;83m[945d22e8]&amp#27;[0m&amp#27;[38;5;162m[Chromedriver@9706]&amp#27;[0m Killing any old chromedrivers, running: wmic process where "commandline like '%chromedriver.exe%--port=62137%'" delete
&amp#27;[38;5;83m[945d22e8]&amp#27;[0m&amp#27;[38;5;162m[Chromedriver@9706]&amp#27;[0m Successfully cleaned up old chromedrivers
&amp#27;[38;5;83m[945d22e8]&amp#27;[0m&amp#27;[38;5;162m[Chromedriver@9706]&amp#27;[0m Cleaning this device's adb forwarded port socket connections: emulator-5554
&amp#27;[38;5;83m[945d22e8]&amp#27;[0m&amp#27;[38;5;229m[ADB]&amp#27;[0m List forwarding ports
&amp#27;[38;5;83m[945d22e8]&amp#27;[0m&amp#27;[38;5;229m[ADB]&amp#27;[0m Running 'C:\Users\scottbyron.escueta\AppData\Local\Android\Sdk\platform-tools\adb.exe -P 5037 -s emulator-5554 forward --list'
&amp#27;[38;5;83m[945d22e8]&amp#27;[0m&amp#27;[38;5;162m[Chromedriver@9706]&amp#27;[0m Spawning Chromedriver with: C:\Users\scottbyron.escueta\Downloads\chromedriver-win64\chromedriver.exe --port=62137 --adb-port=5037 --verbose
&amp#27;[38;5;83m[945d22e8]&amp#27;[0m&amp#27;[38;5;162m[Chromedriver@9706]&amp#27;[0m Matched '/status' to command name 'getStatus'
&amp#27;[38;5;83m[945d22e8]&amp#27;[0m&amp#27;[38;5;162m[Chromedriver@9706]&amp#27;[0m Proxying [GET /status] to [GET http://127.0.0.1:62137/status] with no body
&amp#27;[38;5;83m[945d22e8]&amp#27;[0m&amp#27;[38;5;162m[Chromedriver@9706]&amp#27;[0m Got response with status 200: {"value":{"build":{"version":"141.0.7390.78 (2b53b0e231fc1be9d07dd91143c7eae0ffbfcab5-refs/branch-heads/7390_65@{#5})"},"message":"ChromeDriver ready for new sessions.","os":{"arch":"x86_64","name":"Windows NT","version":"10.0.19045"},"ready":true}}
&amp#27;[38;5;83m[945d22e8]&amp#27;[0m&amp#27;[38;5;162m[Chromedriver@9706]&amp#27;[0m Chromedriver version: 141.0.7390.78
&amp#27;[38;5;83m[945d22e8]&amp#27;[0m&amp#27;[38;5;162m[Chromedriver@9706]&amp#27;[0m Starting W3C Chromedriver session with capabilities: {
  "capabilities": {
    "alwaysMatch": {
      "goog:chromeOptions": {
        "androidPackage": "com.android.chrome",
        "androidDeviceSerial": "emulator-5554"
      },
      "goog:loggingPrefs": {
        "browser": "ALL"
      }
    }
  }
}
&amp#27;[38;5;83m[945d22e8]&amp#27;[0m&amp#27;[38;5;162m[Chromedriver@9706]&amp#27;[0m Matched '/session' to command name 'createSession'
&amp#27;[38;5;83m[945d22e8]&amp#27;[0m&amp#27;[38;5;162m[Chromedriver@9706]&amp#27;[0m Proxying [POST /session] to [POST http://127.0.0.1:62137/session] with body: {"capabilities":{"alwaysMatch":{"goog:chromeOptions":{"androidPackage":"com.android.chrome","androidDeviceSerial":"emulator-5554"},"goog:loggingPrefs":{"browser":"ALL"}}}}
&amp#27;[38;5;83m[945d22e8]&amp#27;[0m&amp#27;[38;5;162m[Chromedriver@9706]&amp#27;[0m Webview version: 'Chrome/141.0.7390.111'
&amp#27;[38;5;83m[945d22e8]&amp#27;[0m&amp#27;[38;5;162m[Chromedriver@9706]&amp#27;[0m Got response with status 200: {"value":{"capabilities":{"acceptInsecureCerts":false,"browserName":"chrome","browserVersion":"141.0.7390.111","chrome":{"chromedriverVersion":"141.0.7390.78 (2b53b0e231fc1be9d07dd91143c7eae0ffbfcab5-refs/branch-heads/7390_65@{#5})"},"fedcm:accounts":true,"goog:chromeOptions":{"debuggerAddress":"localhost:62176"},"pageLoadStrategy":"normal","platformName":"android","proxy":{},"setWindowRect":false,"strictFileInteractability":false,"timeouts":{"implicit":0,"pageLoad":300000,"script":30000},"unhandledPromptBehavior":"dismiss and notify","webauthn:extension:credBlob":false,"webauthn:extension:largeBlob":false,"webauthn:extension:minPinLength":false,"webauthn:extension:prf":false,"webauthn:virtualAuthenticators":false},"sessionId":"7ad32ca6db08fdfa883bc3cf3e139105"}}
&amp#27;[38;5;83m[945d22e8]&amp#27;[0m&amp#27;[38;5;162m[Chromedriver@9706]&amp#27;[0m Determined the downstream protocol as 'W3C'
&amp#27;[38;5;83m[945d22e8]&amp#27;[0m&amp#27;[38;5;162m[Chromedriver@9706]&amp#27;[0m Changed state to 'online'
&amp#27;[38;5;83m[945d22e8]&amp#27;[0m&amp#27;[38;5;79m[AppiumDriver@ecb1]&amp#27;[0m New AndroidUiautomator2Driver session created successfully, session 945d22e8-2eab-431a-b60d-f47c564b71b8 added to master session list
&amp#27;[38;5;83m[945d22e8]&amp#27;[0m&amp#27;[38;5;79m[AppiumDriver@ecb1]&amp#27;[0m Event 'newSessionStarted' logged at 1761023229254 (13:07:09 GMT+0800 (China Standard Time))
&amp#27;[38;5;83m[945d22e8]&amp#27;[0m&amp#27;[38;5;-2m[AndroidUiautomator2Driver@f9ac]&amp#27;[0m Cached the protocol value 'W3C' for the new session 945d22e8-2eab-431a-b60d-f47c564b71b8
&amp#27;[38;5;83m[945d22e8]&amp#27;[0m&amp#27;[38;5;-2m[AndroidUiautomator2Driver@f9ac]&amp#27;[0m Responding to client with driver.createSession() result: {"capabilities":{"browserName":"Chrome","platformName":"ANDROID","chromedriverExecutable":"C:\\Users\\scottbyron.escueta\\Downloads\\chromedriver-win64\\chromedriver.exe","deviceName":"emulator-5554","automationName":"UIAutomator2","platform":"LINUX","webStorageEnabled":false,"takesScreenshot":true,"javascriptEnabled":true,"databaseEnabled":false,"networkConnectionEnabled":true,"locationContextEnabled":false,"warnings":{},"desired":{"browserName":"Chrome","platformName":"ANDROID","chromedriverExecutable":"C:\\Users\\scottbyron.escueta\\Downloads\\chromedriver-win64\\chromedriver.exe","deviceName":"TestAppiumGPTT","automationName":"UIAutomator2","appPackage":"com.android.chrome","appActivity":"com.android.chrome/com.google.android.apps.chrome.Main"},"deviceUDID":"emulator-5554","pixelRatio":"2.75","statBarHeight":83,"viewportRect":{"left":0,"top":83,"width":1080,"height":2197},"deviceApiLevel":33,"platformVersion":"13","deviceManufacturer":"Google","deviceModel":"sdk_gphone64_x86_64","deviceScreenSize":"108...
&amp#27;[38;5;83m[945d22e8]&amp#27;[0m&amp#27;[38;5;86m[HTTP]&amp#27;[0m &amp#27;[37m<-- POST /session &amp#27;[39m&amp#27;[32m200&amp#27;[39m &amp#27;[90m8893 ms - 1117&amp#27;[39m &amp#27;[90m&amp#27;[39m
&amp#27;[38;5;83m[945d22e8]&amp#27;[0m&amp#27;[38;5;86m[HTTP]&amp#27;[0m &amp#27;[37m-->&amp#27;[39m &amp#27;[37mPOST&amp#27;[39m &amp#27;[37m/session/945d22e8-2eab-431a-b60d-f47c564b71b8/timeouts&amp#27;[39m &amp#27;[90m{"implicit":10000}&amp#27;[39m
&amp#27;[38;5;83m[945d22e8]&amp#27;[0m&amp#27;[38;5;-2m[AndroidUiautomator2Driver@f9ac]&amp#27;[0m Driver proxy active, passing request on via HTTP proxy
&amp#27;[38;5;83m[945d22e8]&amp#27;[0m&amp#27;[38;5;162m[Chromedriver@9706]&amp#27;[0m Matched '/session/945d22e8-2eab-431a-b60d-f47c564b71b8/timeouts' to command name 'timeouts'
&amp#27;[38;5;83m[945d22e8]&amp#27;[0m&amp#27;[38;5;162m[Chromedriver@9706]&amp#27;[0m Will send the following request bodies to /timeouts: [{"implicit":10000}]
&amp#27;[38;5;83m[945d22e8]&amp#27;[0m&amp#27;[38;5;162m[Chromedriver@9706]&amp#27;[0m Proxying [POST /session/945d22e8-2eab-431a-b60d-f47c564b71b8/timeouts] to [POST http://127.0.0.1:62137/session/7ad32ca6db08fdfa883bc3cf3e139105/timeouts] with body: {"implicit":10000}
&amp#27;[38;5;83m[945d22e8]&amp#27;[0m&amp#27;[38;5;162m[Chromedriver@9706]&amp#27;[0m Got response with status 200: {"value":null}
&amp#27;[38;5;83m[945d22e8]&amp#27;[0m&amp#27;[38;5;86m[HTTP]&amp#27;[0m &amp#27;[37m<-- POST /session/945d22e8-2eab-431a-b60d-f47c564b71b8/timeouts &amp#27;[39m&amp#27;[32m200&amp#27;[39m &amp#27;[90m8 ms - 14&amp#27;[39m &amp#27;[90m&amp#27;[39m
&amp#27;[38;5;83m[945d22e8]&amp#27;[0m&amp#27;[38;5;86m[HTTP]&amp#27;[0m &amp#27;[37m-->&amp#27;[39m &amp#27;[37mPOST&amp#27;[39m &amp#27;[37m/session/945d22e8-2eab-431a-b60d-f47c564b71b8/url&amp#27;[39m &amp#27;[90m{"url":"https://www.udemy.com"}&amp#27;[39m
&amp#27;[38;5;83m[945d22e8]&amp#27;[0m&amp#27;[38;5;-2m[AndroidUiautomator2Driver@f9ac]&amp#27;[0m Driver proxy active, passing request on via HTTP proxy
&amp#27;[38;5;83m[945d22e8]&amp#27;[0m&amp#27;[38;5;162m[Chromedriver@9706]&amp#27;[0m Matched '/session/945d22e8-2eab-431a-b60d-f47c564b71b8/url' to command name 'setUrl'
&amp#27;[38;5;83m[945d22e8]&amp#27;[0m&amp#27;[38;5;162m[Chromedriver@9706]&amp#27;[0m Proxying [POST /session/945d22e8-2eab-431a-b60d-f47c564b71b8/url] to [POST http://127.0.0.1:62137/session/7ad32ca6db08fdfa883bc3cf3e139105/url] with body: {"url":"https://www.udemy.com"}
&amp#27;[38;5;23m[dbf14f22]&amp#27;[0m&amp#27;[38;5;86m[HTTP]&amp#27;[0m &amp#27;[37m-->&amp#27;[39m &amp#27;[37mGET&amp#27;[39m &amp#27;[37m/session/dbf14f22-78ac-4544-88e4-f9655fcb58b4/timeouts&amp#27;[39m &amp#27;[90m&amp#27;[39m
&amp#27;[38;5;23m[dbf14f22]&amp#27;[0m&amp#27;[38;5;79m[AppiumDriver@ecb1]&amp#27;[0m Encountered internal error running command: NoSuchDriverError: A session is either terminated or not started
    at asyncHandler (C:\Users\scottbyron.escueta\node_modules\@appium\base-driver\lib\protocol\protocol.ts:329:15)
    at C:\Users\scottbyron.escueta\node_modules\@appium\base-driver\lib\protocol\protocol.ts:524:15
    at Layer.handleRequest (C:\Users\scottbyron.escueta\node_modules\router\lib\layer.js:152:17)
    at next (C:\Users\scottbyron.escueta\node_modules\router\lib\route.js:157:13)
    at Route.dispatch (C:\Users\scottbyron.escueta\node_modules\router\lib\route.js:117:3)
    at handle (C:\Users\scottbyron.escueta\node_modules\router\index.js:435:11)
    at Layer.handleRequest (C:\Users\scottbyron.escueta\node_modules\router\lib\layer.js:152:17)
    at C:\Users\scottbyron.escueta\node_modules\router\index.js:295:15
    at param (C:\Users\scottbyron.escueta\node_modules\router\index.js:600:14)
    at param (C:\Users\scottbyron.escueta\node_modules\router\index.js:610:14)
    at processParams (C:\Users\scottbyron.escueta\node_modules\router\index.js:664:3)
    at next (C:\Users\scottbyron.escueta\node_modules\router\index.js:291:5)
    at logger (C:\Users\scottbyron.escueta\node_modules\morgan\index.js:144:5)
    at Layer.handleRequest (C:\Users\scottbyron.escueta\node_modules\router\lib\layer.js:152:17)
    at trimPrefix (C:\Users\scottbyron.escueta\node_modules\router\index.js:342:13)
    at C:\Users\scottbyron.escueta\node_modules\router\index.js:297:9
    at processParams (C:\Users\scottbyron.escueta\node_modules\router\index.js:582:12)
    at next (C:\Users\scottbyron.escueta\node_modules\router\index.js:291:5)
    at jsonParser (C:\Users\scottbyron.escueta\node_modules\body-parser\lib\types\json.js:100:7)
    at Layer.handleRequest (C:\Users\scottbyron.escueta\node_modules\router\lib\layer.js:152:17)
    at trimPrefix (C:\Users\scottbyron.escueta\node_modules\router\index.js:342:13)
    at C:\Users\scottbyron.escueta\node_modules\router\index.js:297:9
    at processParams (C:\Users\scottbyron.escueta\node_modules\router\index.js:582:12)
    at next (C:\Users\scottbyron.escueta\node_modules\router\index.js:291:5)
    at Layer.handleRequest (C:\Users\scottbyron.escueta\node_modules\router\lib\layer.js:147:12)
    at trimPrefix (C:\Users\scottbyron.escueta\node_modules\router\index.js:342:13)
    at C:\Users\scottbyron.escueta\node_modules\router\index.js:297:9
    at processParams (C:\Users\scottbyron.escueta\node_modules\router\index.js:582:12)
&amp#27;[38;5;23m[dbf14f22]&amp#27;[0m&amp#27;[38;5;86m[HTTP]&amp#27;[0m &amp#27;[37m<-- GET /session/dbf14f22-78ac-4544-88e4-f9655fcb58b4/timeouts &amp#27;[39m&amp#27;[33m404&amp#27;[39m &amp#27;[90m32 ms - 2759&amp#27;[39m &amp#27;[90m&amp#27;[39m
&amp#27;[38;5;83m[945d22e8]&amp#27;[0m&amp#27;[38;5;162m[Chromedriver@9706]&amp#27;[0m Got response with status 200: {"value":null}
&amp#27;[38;5;83m[945d22e8]&amp#27;[0m&amp#27;[38;5;86m[HTTP]&amp#27;[0m &amp#27;[37m<-- POST /session/945d22e8-2eab-431a-b60d-f47c564b71b8/url &amp#27;[39m&amp#27;[32m200&amp#27;[39m &amp#27;[90m8887 ms - 14&amp#27;[39m &amp#27;[90m&amp#27;[39m
&amp#27;[38;5;83m[945d22e8]&amp#27;[0m&amp#27;[38;5;86m[HTTP]&amp#27;[0m &amp#27;[37m-->&amp#27;[39m &amp#27;[37mGET&amp#27;[39m &amp#27;[37m/session/945d22e8-2eab-431a-b60d-f47c564b71b8/title&amp#27;[39m &amp#27;[90m&amp#27;[39m
&amp#27;[38;5;83m[945d22e8]&amp#27;[0m&amp#27;[38;5;-2m[AndroidUiautomator2Driver@f9ac]&amp#27;[0m Driver proxy active, passing request on via HTTP proxy
&amp#27;[38;5;83m[945d22e8]&amp#27;[0m&amp#27;[38;5;162m[Chromedriver@9706]&amp#27;[0m Matched '/session/945d22e8-2eab-431a-b60d-f47c564b71b8/title' to command name 'title'
&amp#27;[38;5;83m[945d22e8]&amp#27;[0m&amp#27;[38;5;162m[Chromedriver@9706]&amp#27;[0m Proxying [GET /session/945d22e8-2eab-431a-b60d-f47c564b71b8/title] to [GET http://127.0.0.1:62137/session/7ad32ca6db08fdfa883bc3cf3e139105/title] with no body
&amp#27;[38;5;83m[945d22e8]&amp#27;[0m&amp#27;[38;5;162m[Chromedriver@9706]&amp#27;[0m Got response with status 200: {"value":"Online Courses - Learn Anything, On Your Schedule | Udemy"}
&amp#27;[38;5;83m[945d22e8]&amp#27;[0m&amp#27;[38;5;86m[HTTP]&amp#27;[0m &amp#27;[37m<-- GET /session/945d22e8-2eab-431a-b60d-f47c564b71b8/title &amp#27;[39m&amp#27;[32m200&amp#27;[39m &amp#27;[90m60 ms - 69&amp#27;[39m &amp#27;[90m&amp#27;[39m
Title of the current page: Online Courses - Learn Anything, On Your Schedule | Udemy
&amp#27;[38;5;83m[945d22e8]&amp#27;[0m&amp#27;[38;5;86m[HTTP]&amp#27;[0m &amp#27;[37m-->&amp#27;[39m &amp#27;[37mDELETE&amp#27;[39m &amp#27;[37m/session/945d22e8-2eab-431a-b60d-f47c564b71b8&amp#27;[39m &amp#27;[90m&amp#27;[39m
&amp#27;[38;5;83m[945d22e8]&amp#27;[0m&amp#27;[38;5;-2m[AndroidUiautomator2Driver@f9ac]&amp#27;[0m Calling AppiumDriver.deleteSession() with args: ["945d22e8-2eab-431a-b60d-f47c564b71b8"]
&amp#27;[38;5;83m[945d22e8]&amp#27;[0m&amp#27;[38;5;79m[AppiumDriver@ecb1]&amp#27;[0m Event 'quitSessionRequested' logged at 1761023238274 (13:07:18 GMT+0800 (China Standard Time))
&amp#27;[38;5;83m[945d22e8]&amp#27;[0m&amp#27;[38;5;79m[AppiumDriver@ecb1]&amp#27;[0m Removing session 945d22e8-2eab-431a-b60d-f47c564b71b8 from our master session list
&amp#27;[38;5;83m[945d22e8]&amp#27;[0m&amp#27;[38;5;-2m[AndroidUiautomator2Driver@f9ac]&amp#27;[0m Deleting UiAutomator2 session
&amp#27;[38;5;83m[945d22e8]&amp#27;[0m&amp#27;[38;5;-2m[AndroidUiautomator2Driver@f9ac]&amp#27;[0m Stopping chromedriver for context CHROMIUM
&amp#27;[38;5;83m[945d22e8]&amp#27;[0m&amp#27;[38;5;162m[Chromedriver@9706]&amp#27;[0m Changed state to 'stopping'
&amp#27;[38;5;83m[945d22e8]&amp#27;[0m&amp#27;[38;5;162m[Chromedriver@9706]&amp#27;[0m Proxying [DELETE /] to [DELETE http://127.0.0.1:62137/session/7ad32ca6db08fdfa883bc3cf3e139105] with no body
&amp#27;[38;5;83m[945d22e8]&amp#27;[0m&amp#27;[38;5;162m[Chromedriver@9706]&amp#27;[0m Got response with status 200: {"value":null}
&amp#27;[38;5;83m[945d22e8]&amp#27;[0m&amp#27;[38;5;162m[Chromedriver@9706]&amp#27;[0m Changed state to 'stopped'
&amp#27;[38;5;83m[945d22e8]&amp#27;[0m&amp#27;[38;5;-2m[AndroidUiautomator2Driver@f9ac]&amp#27;[0m Deleting UiAutomator2 server session
&amp#27;[38;5;83m[945d22e8]&amp#27;[0m&amp#27;[38;5;-2m[AndroidUiautomator2Driver@f9ac]&amp#27;[0m Proxying [DELETE /] to [DELETE http://127.0.0.1:8200/session/d2e5cef1-521f-46f9-839a-6ff22338dbf3] with no body
&amp#27;[38;5;83m[945d22e8]&amp#27;[0m&amp#27;[38;5;-2m[AndroidUiautomator2Driver@f9ac]&amp#27;[0m Got response with status 200: {"sessionId":"d2e5cef1-521f-46f9-839a-6ff22338dbf3","value":null}
&amp#27;[38;5;83m[945d22e8]&amp#27;[0m&amp#27;[38;5;229m[ADB]&amp#27;[0m Getting IDs of all 'io.appium.uiautomator2.server' processes
&amp#27;[38;5;83m[945d22e8]&amp#27;[0m&amp#27;[38;5;229m[ADB]&amp#27;[0m Running 'C:\Users\scottbyron.escueta\AppData\Local\Android\Sdk\platform-tools\adb.exe -P 5037 -s emulator-5554 shell dumpsys activity processes'
&amp#27;[38;5;83m[945d22e8]&amp#27;[0m&amp#27;[38;5;-2m[AndroidUiautomator2Driver@f9ac]&amp#27;[0m [Instrumentation] io.appium.uiautomator2.server.test.AppiumUiAutomator2Server:.
&amp#27;[38;5;83m[945d22e8]&amp#27;[0m&amp#27;[38;5;-2m[AndroidUiautomator2Driver@f9ac]&amp#27;[0m [Instrumentation] 
&amp#27;[38;5;83m[945d22e8]&amp#27;[0m&amp#27;[38;5;-2m[AndroidUiautomator2Driver@f9ac]&amp#27;[0m [Instrumentation] Time: 15.761
&amp#27;[38;5;83m[945d22e8]&amp#27;[0m&amp#27;[38;5;-2m[AndroidUiautomator2Driver@f9ac]&amp#27;[0m [Instrumentation] 
&amp#27;[38;5;83m[945d22e8]&amp#27;[0m&amp#27;[38;5;-2m[AndroidUiautomator2Driver@f9ac]&amp#27;[0m [Instrumentation] OK (1 test)
&amp#27;[38;5;83m[945d22e8]&amp#27;[0m&amp#27;[38;5;-2m[AndroidUiautomator2Driver@f9ac]&amp#27;[0m [Instrumentation] 
&amp#27;[38;5;83m[945d22e8]&amp#27;[0m&amp#27;[38;5;-2m[AndroidUiautomator2Driver@f9ac]&amp#27;[0m [Instrumentation] 
&amp#27;[38;5;83m[945d22e8]&amp#27;[0m&amp#27;[38;5;-2m[AndroidUiautomator2Driver@f9ac]&amp#27;[0m [Instrumentation] The process has exited with code 0, signal null
&amp#27;[38;5;83m[945d22e8]&amp#27;[0m&amp#27;[38;5;229m[ADB]&amp#27;[0m Getting IDs of all 'io.appium.uiautomator2.server' processes
&amp#27;[38;5;83m[945d22e8]&amp#27;[0m&amp#27;[38;5;229m[ADB]&amp#27;[0m Running 'C:\Users\scottbyron.escueta\AppData\Local\Android\Sdk\platform-tools\adb.exe -P 5037 -s emulator-5554 shell dumpsys activity processes'
&amp#27;[38;5;83m[945d22e8]&amp#27;[0m&amp#27;[38;5;229m[ADB]&amp#27;[0m Running 'C:\Users\scottbyron.escueta\AppData\Local\Android\Sdk\platform-tools\adb.exe -P 5037 -s emulator-5554 shell am force-stop io.appium.uiautomator2.server'
&amp#27;[38;5;83m[945d22e8]&amp#27;[0m&amp#27;[38;5;229m[ADB]&amp#27;[0m Running 'C:\Users\scottbyron.escueta\AppData\Local\Android\Sdk\platform-tools\adb.exe -P 5037 -s emulator-5554 shell am force-stop io.appium.uiautomator2.server.test'
&amp#27;[38;5;83m[945d22e8]&amp#27;[0m&amp#27;[38;5;229m[ADB]&amp#27;[0m Running 'C:\Users\scottbyron.escueta\AppData\Local\Android\Sdk\platform-tools\adb.exe -P 5037 -s emulator-5554 shell dumpsys activity services io.appium.settings/.recorder.RecorderService'
&amp#27;[38;5;83m[945d22e8]&amp#27;[0m&amp#27;[38;5;229m[ADB]&amp#27;[0m Removing forwarded port socket connection: 8200 
&amp#27;[38;5;83m[945d22e8]&amp#27;[0m&amp#27;[38;5;229m[ADB]&amp#27;[0m Running 'C:\Users\scottbyron.escueta\AppData\Local\Android\Sdk\platform-tools\adb.exe -P 5037 -s emulator-5554 forward --remove tcp:8200'
&amp#27;[38;5;83m[945d22e8]&amp#27;[0m&amp#27;[38;5;-2m[AndroidUiautomator2Driver@f9ac]&amp#27;[0m Restoring hidden api policy to the device default configuration
&amp#27;[38;5;83m[945d22e8]&amp#27;[0m&amp#27;[38;5;229m[ADB]&amp#27;[0m Running 'C:\Users\scottbyron.escueta\AppData\Local\Android\Sdk\platform-tools\adb.exe -P 5037 -s emulator-5554 shell 'settings delete global hidden_api_policy_pre_p_apps;settings delete global hidden_api_policy_p_apps;settings delete global hidden_api_policy''
&amp#27;[38;5;83m[945d22e8]&amp#27;[0m&amp#27;[38;5;160m[Logcat]&amp#27;[0m Stopping logcat capture
&amp#27;[38;5;83m[945d22e8]&amp#27;[0m&amp#27;[38;5;79m[AppiumDriver@ecb1]&amp#27;[0m Event 'quitSessionFinished' logged at 1761023240319 (13:07:20 GMT+0800 (China Standard Time))
&amp#27;[38;5;83m[945d22e8]&amp#27;[0m&amp#27;[38;5;79m[AppiumDriver@ecb1]&amp#27;[0m Received response: null
&amp#27;[38;5;83m[945d22e8]&amp#27;[0m&amp#27;[38;5;79m[AppiumDriver@ecb1]&amp#27;[0m But deleting session, so not returning
&amp#27;[38;5;83m[945d22e8]&amp#27;[0m&amp#27;[38;5;79m[AppiumDriver@ecb1]&amp#27;[0m Responding to client with driver.deleteSession() result: null
&amp#27;[38;5;83m[945d22e8]&amp#27;[0m&amp#27;[38;5;86m[HTTP]&amp#27;[0m &amp#27;[37m<-- DELETE /session/945d22e8-2eab-431a-b60d-f47c564b71b8 &amp#27;[39m&amp#27;[32m200&amp#27;[39m &amp#27;[90m2047 ms - 14&amp#27;[39m &amp#27;[90m&amp#27;[39m
]]></system-out>
    <system-err><![CDATA[SLF4J(W): No SLF4J providers were found.
SLF4J(W): Defaulting to no-operation (NOP) logger implementation
SLF4J(W): See https://www.slf4j.org/codes.html#noProviders for further details.
]]></system-err>
  </testcase>
  <testcase name="NativeApp" classname="appiumSetup.BaseNativeApp" time="13.957">
    <system-out><![CDATA[&amp#27;[38;5;112m[Appium]&amp#27;[0m Welcome to Appium v3.1.0
&amp#27;[38;5;112m[Appium]&amp#27;[0m Non-default server args:
&amp#27;[38;5;112m[Appium]&amp#27;[0m { address: &amp#27;[32m'127.0.0.1'&amp#27;[39m }
&amp#27;[38;5;112m[Appium]&amp#27;[0m The autodetected Appium home path: C:\Users\scottbyron.escueta
&amp#27;[38;5;112m[Appium]&amp#27;[0m Attempting to load driver uiautomator2...
&amp#27;[38;5;112m[Appium]&amp#27;[0m Attempting to load driver xcuitest...
&amp#27;[38;5;112m[Appium]&amp#27;[0m Requiring driver at C:\Users\scottbyron.escueta\node_modules\appium-uiautomator2-driver\build\index.js
&amp#27;[38;5;112m[Appium]&amp#27;[0m AndroidUiautomator2Driver has been successfully loaded in 1.441s
&amp#27;[38;5;112m[Appium]&amp#27;[0m Requiring driver at C:\Users\scottbyron.escueta\node_modules\appium-xcuitest-driver\build\index.js
&amp#27;[38;5;112m[Appium]&amp#27;[0m XCUITestDriver has been successfully loaded in 2.814s
&amp#27;[38;5;112m[Appium]&amp#27;[0m Appium REST http interface listener started on http://127.0.0.1:4723
&amp#27;[38;5;112m[Appium]&amp#27;[0m Available drivers:
&amp#27;[38;5;112m[Appium]&amp#27;[0m   - uiautomator2@5.0.5 (automationName 'UiAutomator2')
&amp#27;[38;5;112m[Appium]&amp#27;[0m   - xcuitest@10.2.2 (automationName 'XCUITest')
&amp#27;[38;5;112m[Appium]&amp#27;[0m No plugins have been installed. Use the "appium plugin" command to install the one(s) you want to use.
&amp#27;[38;5;86m[HTTP]&amp#27;[0m &amp#27;[37m-->&amp#27;[39m &amp#27;[37mGET&amp#27;[39m &amp#27;[37m/status&amp#27;[39m &amp#27;[90m&amp#27;[39m
&amp#27;[38;5;123m[AppiumDriver@e749]&amp#27;[0m Calling AppiumDriver.getStatus() with args: []
&amp#27;[38;5;123m[AppiumDriver@e749]&amp#27;[0m Responding to client with driver.getStatus() result: {"ready":true,"message":"The server is ready to accept new connections","build":{"version":"3.1.0"}}
&amp#27;[38;5;86m[HTTP]&amp#27;[0m &amp#27;[37m<-- GET /status &amp#27;[39m&amp#27;[32m200&amp#27;[39m &amp#27;[90m7 ms - 110&amp#27;[39m &amp#27;[90m&amp#27;[39m
&amp#27;[38;5;86m[HTTP]&amp#27;[0m Request idempotency key: 5b0bb02d-ff33-47cd-9d17-d14394e50d94
&amp#27;[38;5;86m[HTTP]&amp#27;[0m &amp#27;[37m-->&amp#27;[39m &amp#27;[37mPOST&amp#27;[39m &amp#27;[37m/session&amp#27;[39m &amp#27;[90m{"capabilities":{"firstMatch":[{"appium:deviceName":"TestAppiumGPTT","platformName":"ANDROID","appium:automationName":"UIAutomator2","appium:app":"C://Users//scottbyron.escueta//eclipse-workspace//AppiumSetup//src//test//resources//Apk//app-dev-release.apk"}]}}&amp#27;[39m
&amp#27;[38;5;123m[AppiumDriver@e749]&amp#27;[0m Calling AppiumDriver.createSession() with args: [{"firstMatch":[{"appium:deviceName":"TestAppiumGPTT","platformName":"ANDROID","appium:automationName":"UIAutomator2","appium:app":"C://Users//scottbyron.escueta//eclipse-workspace//AppiumSetup//src//test//resources//Apk//app-dev-release.apk"}]},{"firstMatch":[{"appium:deviceName":"TestAppiumGPTT","platformName":"ANDROID","appium:automationName":"UIAutomator2","appium:app":"C://Users//scottbyron.escueta//eclipse-workspace//AppiumSetup//src//test//resources//Apk//app-dev-release.apk"}]},{"firstMatch":[{"appium:deviceName":"TestAppiumGPTT","platformName":"ANDROID","appium:automationName":"UIAutomator2","appium:app":"C://Users//scottbyron.escueta//eclipse-workspace//AppiumSetup//src//test//resources//Apk//app-dev-release.apk"}]}]
&amp#27;[38;5;123m[AppiumDriver@e749]&amp#27;[0m Event 'newSessionRequested' logged at 1761023244628 (13:07:24 GMT+0800 (China Standard Time))
&amp#27;[38;5;112m[Appium]&amp#27;[0m Attempting to find matching driver for automationName 'UIAutomator2' and platformName 'ANDROID'
&amp#27;[38;5;112m[Appium]&amp#27;[0m The 'uiautomator2' driver was installed and matched caps.
&amp#27;[38;5;112m[Appium]&amp#27;[0m Will require it at C:\Users\scottbyron.escueta\node_modules\appium-uiautomator2-driver
&amp#27;[38;5;112m[Appium]&amp#27;[0m Requiring driver at C:\Users\scottbyron.escueta\node_modules\appium-uiautomator2-driver\build\index.js
&amp#27;[38;5;123m[AppiumDriver@e749]&amp#27;[0m Appium v3.1.0 creating new AndroidUiautomator2Driver (v5.0.5) session
&amp#27;[38;5;123m[AppiumDriver@e749]&amp#27;[0m Checking BaseDriver versions for Appium and AndroidUiautomator2Driver
&amp#27;[38;5;123m[AppiumDriver@e749]&amp#27;[0m Appium's BaseDriver version is 10.1.0
&amp#27;[38;5;123m[AppiumDriver@e749]&amp#27;[0m AndroidUiautomator2Driver's BaseDriver version is 10.1.0
&amp#27;[38;5;-128m[AndroidUiautomator2Driver@fb83]&amp#27;[0m 
&amp#27;[38;5;-128m[AndroidUiautomator2Driver@fb83]&amp#27;[0m Creating session with W3C capabilities: {
  "alwaysMatch": {
    "platformName": "ANDROID",
    "appium:deviceName": "TestAppiumGPTT",
    "appium:automationName": "UIAutomator2",
    "appium:app": "C://Users//scottbyron.escueta//eclipse-workspace//AppiumSetup//src//test//resources//Apk//app-dev-release.apk"
  },
  "firstMatch": [
    {}
  ]
}
&amp#27;[38;5;107m[4a9f4674]&amp#27;[0m&amp#27;[38;5;-128m[AndroidUiautomator2Driver@fb83]&amp#27;[0m Session created with session id: 4a9f4674-251f-46b4-864d-fd83438366c7
&amp#27;[38;5;107m[4a9f4674]&amp#27;[0m&amp#27;[38;5;229m[ADB]&amp#27;[0m Found 2 'build-tools' folders under 'C:\Users\scottbyron.escueta\AppData\Local\Android\Sdk' (newest first):
&amp#27;[38;5;107m[4a9f4674]&amp#27;[0m&amp#27;[38;5;229m[ADB]&amp#27;[0m     C:\Users\scottbyron.escueta\AppData\Local\Android\Sdk\build-tools\36.1.0
&amp#27;[38;5;107m[4a9f4674]&amp#27;[0m&amp#27;[38;5;229m[ADB]&amp#27;[0m     C:\Users\scottbyron.escueta\AppData\Local\Android\Sdk\build-tools\35.0.0
&amp#27;[38;5;107m[4a9f4674]&amp#27;[0m&amp#27;[38;5;229m[ADB]&amp#27;[0m Using 'adb.exe' from 'C:\Users\scottbyron.escueta\AppData\Local\Android\Sdk\platform-tools\adb.exe'
&amp#27;[38;5;107m[4a9f4674]&amp#27;[0m&amp#27;[38;5;229m[ADB]&amp#27;[0m Running 'C:\Users\scottbyron.escueta\AppData\Local\Android\Sdk\platform-tools\adb.exe -P 5037 start-server'
&amp#27;[38;5;107m[4a9f4674]&amp#27;[0m&amp#27;[38;5;-128m[AndroidUiautomator2Driver@fb83]&amp#27;[0m Retrieving device list
&amp#27;[38;5;107m[4a9f4674]&amp#27;[0m&amp#27;[38;5;229m[ADB]&amp#27;[0m Trying to find connected Android devices
&amp#27;[38;5;107m[4a9f4674]&amp#27;[0m&amp#27;[38;5;229m[ADB]&amp#27;[0m Getting connected devices
&amp#27;[38;5;107m[4a9f4674]&amp#27;[0m&amp#27;[38;5;229m[ADB]&amp#27;[0m Connected devices: [{"udid":"emulator-5554","state":"device"}]
&amp#27;[38;5;107m[4a9f4674]&amp#27;[0m&amp#27;[38;5;-128m[AndroidUiautomator2Driver@fb83]&amp#27;[0m Using device: emulator-5554
&amp#27;[38;5;107m[4a9f4674]&amp#27;[0m&amp#27;[38;5;229m[ADB]&amp#27;[0m Using 'adb.exe' from 'C:\Users\scottbyron.escueta\AppData\Local\Android\Sdk\platform-tools\adb.exe'
&amp#27;[38;5;107m[4a9f4674]&amp#27;[0m&amp#27;[38;5;229m[ADB]&amp#27;[0m Running 'C:\Users\scottbyron.escueta\AppData\Local\Android\Sdk\platform-tools\adb.exe -P 5037 start-server'
&amp#27;[38;5;107m[4a9f4674]&amp#27;[0m&amp#27;[38;5;229m[ADB]&amp#27;[0m Setting device id to emulator-5554
&amp#27;[38;5;107m[4a9f4674]&amp#27;[0m&amp#27;[38;5;123m[BaseDriver]&amp#27;[0m Using local app 'C://Users//scottbyron.escueta//eclipse-workspace//AppiumSetup//src//test//resources//Apk//app-dev-release.apk'
&amp#27;[38;5;107m[4a9f4674]&amp#27;[0m&amp#27;[38;5;-128m[AndroidUiautomator2Driver@fb83]&amp#27;[0m Checking whether app is actually present
&amp#27;[38;5;107m[4a9f4674]&amp#27;[0m&amp#27;[38;5;229m[ADB]&amp#27;[0m Running 'C:\Users\scottbyron.escueta\AppData\Local\Android\Sdk\platform-tools\adb.exe -P 5037 -s emulator-5554 shell getprop ro.build.version.sdk'
&amp#27;[38;5;107m[4a9f4674]&amp#27;[0m&amp#27;[38;5;229m[ADB]&amp#27;[0m Current device property 'ro.build.version.sdk': 33
&amp#27;[38;5;107m[4a9f4674]&amp#27;[0m&amp#27;[38;5;229m[ADB]&amp#27;[0m Getting device platform version
&amp#27;[38;5;107m[4a9f4674]&amp#27;[0m&amp#27;[38;5;229m[ADB]&amp#27;[0m Running 'C:\Users\scottbyron.escueta\AppData\Local\Android\Sdk\platform-tools\adb.exe -P 5037 -s emulator-5554 shell getprop ro.build.version.release'
&amp#27;[38;5;107m[4a9f4674]&amp#27;[0m&amp#27;[38;5;229m[ADB]&amp#27;[0m Current device property 'ro.build.version.release': 13
&amp#27;[38;5;107m[4a9f4674]&amp#27;[0m&amp#27;[38;5;229m[ADB]&amp#27;[0m Device API level: 33
&amp#27;[38;5;107m[4a9f4674]&amp#27;[0m&amp#27;[38;5;-128m[AndroidUiautomator2Driver@fb83]&amp#27;[0m Relaxing hidden api policy
&amp#27;[38;5;107m[4a9f4674]&amp#27;[0m&amp#27;[38;5;229m[ADB]&amp#27;[0m Running 'C:\Users\scottbyron.escueta\AppData\Local\Android\Sdk\platform-tools\adb.exe -P 5037 -s emulator-5554 shell 'settings put global hidden_api_policy_pre_p_apps 1;settings put global hidden_api_policy_p_apps 1;settings put global hidden_api_policy 1''
&amp#27;[38;5;107m[4a9f4674]&amp#27;[0m&amp#27;[38;5;-128m[AndroidUiautomator2Driver@fb83]&amp#27;[0m Parsing package and activity from the 'app-dev-release.apk' file manifest
&amp#27;[38;5;107m[4a9f4674]&amp#27;[0m&amp#27;[38;5;229m[ADB]&amp#27;[0m Running 'C:\Users\scottbyron.escueta\AppData\Local\Android\Sdk\platform-tools\adb.exe -P 5037 -s emulator-5554 wait-for-device'
&amp#27;[38;5;107m[4a9f4674]&amp#27;[0m&amp#27;[38;5;229m[ADB]&amp#27;[0m Using 'aapt2.exe' from 'C:\Users\scottbyron.escueta\AppData\Local\Android\Sdk\build-tools\36.1.0\aapt2.exe'
&amp#27;[38;5;107m[4a9f4674]&amp#27;[0m&amp#27;[38;5;229m[ADB]&amp#27;[0m Reading package manifest: ''C:\Users\scottbyron.escueta\AppData\Local\Android\Sdk\build-tools\36.1.0\aapt2.exe' dump badging C\://Users//scottbyron.escueta//eclipse-workspace//AppiumSetup//src//test//resources//Apk//app-dev-release.apk'
&amp#27;[38;5;107m[4a9f4674]&amp#27;[0m&amp#27;[38;5;229m[ADB]&amp#27;[0m Running 'C:\Users\scottbyron.escueta\AppData\Local\Android\Sdk\platform-tools\adb.exe -P 5037 -s emulator-5554 shell echo ping'
&amp#27;[38;5;107m[4a9f4674]&amp#27;[0m&amp#27;[38;5;-128m[AndroidUiautomator2Driver@fb83]&amp#27;[0m Pushing settings apk to the device...
&amp#27;[38;5;107m[4a9f4674]&amp#27;[0m&amp#27;[38;5;229m[ADB]&amp#27;[0m Getting package info for 'io.appium.settings'
&amp#27;[38;5;107m[4a9f4674]&amp#27;[0m&amp#27;[38;5;229m[ADB]&amp#27;[0m Running 'C:\Users\scottbyron.escueta\AppData\Local\Android\Sdk\platform-tools\adb.exe -P 5037 -s emulator-5554 shell dumpsys package io.appium.settings'
&amp#27;[38;5;107m[4a9f4674]&amp#27;[0m&amp#27;[38;5;229m[ADB]&amp#27;[0m Package name: 'com.ecashpayasia'
&amp#27;[38;5;107m[4a9f4674]&amp#27;[0m&amp#27;[38;5;229m[ADB]&amp#27;[0m Main activity name: 'com.ecashpayasia.MainActivity'
&amp#27;[38;5;107m[4a9f4674]&amp#27;[0m&amp#27;[38;5;-128m[AndroidUiautomator2Driver@fb83]&amp#27;[0m Resolved launch package -> activity: com.ecashpayasia -> com.ecashpayasia.MainActivity
&amp#27;[38;5;107m[4a9f4674]&amp#27;[0m&amp#27;[38;5;-128m[AndroidUiautomator2Driver@fb83]&amp#27;[0m Resolved wait package -> activity: com.ecashpayasia -> com.ecashpayasia.MainActivity
&amp#27;[38;5;107m[4a9f4674]&amp#27;[0m&amp#27;[38;5;229m[ADB]&amp#27;[0m Reading package manifest: ''C:\Users\scottbyron.escueta\AppData\Local\Android\Sdk\build-tools\36.1.0\aapt2.exe' dump badging 'C:\Users\scottbyron.escueta\node_modules\appium-uiautomator2-driver\node_modules\io.appium.settings\apks\settings_apk-debug.apk''
&amp#27;[38;5;107m[4a9f4674]&amp#27;[0m&amp#27;[38;5;229m[ADB]&amp#27;[0m The version name of the installed 'io.appium.settings' is greater or equal to the application version name ('6.0.6' >= '6.0.6')
&amp#27;[38;5;107m[4a9f4674]&amp#27;[0m&amp#27;[38;5;229m[ADB]&amp#27;[0m There is no need to install/upgrade 'C:\Users\scottbyron.escueta\node_modules\appium-uiautomator2-driver\node_modules\io.appium.settings\apks\settings_apk-debug.apk'
&amp#27;[38;5;107m[4a9f4674]&amp#27;[0m&amp#27;[38;5;229m[ADB]&amp#27;[0m Running 'C:\Users\scottbyron.escueta\AppData\Local\Android\Sdk\platform-tools\adb.exe -P 5037 -s emulator-5554 shell dumpsys activity services io.appium.settings'
&amp#27;[38;5;107m[4a9f4674]&amp#27;[0m&amp#27;[38;5;-128m[AndroidUiautomator2Driver@fb83]&amp#27;[0m io.appium.settings is already running. There is no need to reset its permissions.
&amp#27;[38;5;107m[4a9f4674]&amp#27;[0m&amp#27;[38;5;160m[Logcat]&amp#27;[0m Starting logs capture with command: 'C:\Users\scottbyron.escueta\AppData\Local\Android\Sdk\platform-tools\adb.exe' -P 5037 -s emulator-5554 logcat -v threadtime
&amp#27;[38;5;107m[4a9f4674]&amp#27;[0m&amp#27;[38;5;-128m[AndroidUiautomator2Driver@fb83]&amp#27;[0m Forwarding UiAutomator2 Server port 6790 to local port 8200
&amp#27;[38;5;107m[4a9f4674]&amp#27;[0m&amp#27;[38;5;229m[ADB]&amp#27;[0m Forwarding system: 8200 to device: 6790
&amp#27;[38;5;107m[4a9f4674]&amp#27;[0m&amp#27;[38;5;229m[ADB]&amp#27;[0m Running 'C:\Users\scottbyron.escueta\AppData\Local\Android\Sdk\platform-tools\adb.exe -P 5037 -s emulator-5554 forward tcp:8200 tcp:6790'
&amp#27;[38;5;107m[4a9f4674]&amp#27;[0m&amp#27;[38;5;-128m[AndroidUiautomator2Driver@fb83]&amp#27;[0m UIA2Proxy options: {"server":"127.0.0.1","port":8200,"keepAlive":true,"scheme":"http","base":"","reqBasePath":"","sessionId":null,"timeout":240000}
&amp#27;[38;5;107m[4a9f4674]&amp#27;[0m&amp#27;[38;5;229m[ADB]&amp#27;[0m Getting package info for 'io.appium.uiautomator2.server'
&amp#27;[38;5;107m[4a9f4674]&amp#27;[0m&amp#27;[38;5;229m[ADB]&amp#27;[0m Running 'C:\Users\scottbyron.escueta\AppData\Local\Android\Sdk\platform-tools\adb.exe -P 5037 -s emulator-5554 shell dumpsys package io.appium.uiautomator2.server'
&amp#27;[38;5;107m[4a9f4674]&amp#27;[0m&amp#27;[38;5;229m[ADB]&amp#27;[0m Getting install status for io.appium.uiautomator2.server.test
&amp#27;[38;5;107m[4a9f4674]&amp#27;[0m&amp#27;[38;5;229m[ADB]&amp#27;[0m Checking app cert for C://Users//scottbyron.escueta//eclipse-workspace//AppiumSetup//src//test//resources//Apk//app-dev-release.apk
&amp#27;[38;5;107m[4a9f4674]&amp#27;[0m&amp#27;[38;5;229m[ADB]&amp#27;[0m Running 'C:\Users\scottbyron.escueta\AppData\Local\Android\Sdk\platform-tools\adb.exe -P 5037 -s emulator-5554 shell cmd package list packages'
&amp#27;[38;5;107m[4a9f4674]&amp#27;[0m&amp#27;[38;5;229m[ADB]&amp#27;[0m Reading package manifest: ''C:\Users\scottbyron.escueta\AppData\Local\Android\Sdk\build-tools\36.1.0\aapt2.exe' dump badging 'C:\Users\scottbyron.escueta\node_modules\appium-uiautomator2-driver\node_modules\appium-uiautomator2-server\apks\appium-uiautomator2-server-v8.1.1.apk''
&amp#27;[38;5;107m[4a9f4674]&amp#27;[0m&amp#27;[38;5;229m[ADB]&amp#27;[0m 'io.appium.uiautomator2.server.test' is installed
&amp#27;[38;5;107m[4a9f4674]&amp#27;[0m&amp#27;[38;5;229m[ADB]&amp#27;[0m The version name of the installed 'io.appium.uiautomator2.server' is greater or equal to the application version name ('8.1.1' >= '8.1.1')
&amp#27;[38;5;107m[4a9f4674]&amp#27;[0m&amp#27;[38;5;-128m[AndroidUiautomator2Driver@fb83]&amp#27;[0m Server packages status: [{"installState":"sameVersionInstalled","appPath":"C:\\Users\\scottbyron.escueta\\node_modules\\appium-uiautomator2-driver\\node_modules\\appium-uiautomator2-server\\apks\\appium-uiautomator2-server-v8.1.1.apk","appId":"io.appium.uiautomator2.server"},{"installState":"sameVersionInstalled","appPath":"C:\\Users\\scottbyron.escueta\\node_modules\\appium-uiautomator2-driver\\node_modules\\appium-uiautomator2-server\\apks\\appium-uiautomator2-server-debug-androidTest.apk","appId":"io.appium.uiautomator2.server.test"}]
&amp#27;[38;5;107m[4a9f4674]&amp#27;[0m&amp#27;[38;5;-128m[AndroidUiautomator2Driver@fb83]&amp#27;[0m Server packages are not going to be (re)installed
&amp#27;[38;5;107m[4a9f4674]&amp#27;[0m&amp#27;[38;5;-128m[AndroidUiautomator2Driver@fb83]&amp#27;[0m Waiting up to 30000ms for services to be available
&amp#27;[38;5;107m[4a9f4674]&amp#27;[0m&amp#27;[38;5;229m[ADB]&amp#27;[0m Running 'C:\Users\scottbyron.escueta\AppData\Local\Android\Sdk\platform-tools\adb.exe -P 5037 -s emulator-5554 shell pm list instrumentation'
&amp#27;[38;5;107m[4a9f4674]&amp#27;[0m&amp#27;[38;5;-128m[AndroidUiautomator2Driver@fb83]&amp#27;[0m Instrumentation target 'io.appium.uiautomator2.server.test/androidx.test.runner.AndroidJUnitRunner' is available
&amp#27;[38;5;107m[4a9f4674]&amp#27;[0m&amp#27;[38;5;229m[ADB]&amp#27;[0m Adding packages ["io.appium.settings","io.appium.uiautomator2.server","io.appium.uiautomator2.server.test"] to Doze whitelist
&amp#27;[38;5;107m[4a9f4674]&amp#27;[0m&amp#27;[38;5;229m[ADB]&amp#27;[0m Got the following command chunks to execute: [["dumpsys","deviceidle","whitelist","+io.appium.settings",";","dumpsys","deviceidle","whitelist","+io.appium.uiautomator2.server",";","dumpsys","deviceidle","whitelist","+io.appium.uiautomator2.server.test",";"]]
&amp#27;[38;5;107m[4a9f4674]&amp#27;[0m&amp#27;[38;5;229m[ADB]&amp#27;[0m Running 'C:\Users\scottbyron.escueta\AppData\Local\Android\Sdk\platform-tools\adb.exe -P 5037 -s emulator-5554 shell dumpsys deviceidle whitelist +io.appium.settings ; dumpsys deviceidle whitelist +io.appium.uiautomator2.server ; dumpsys deviceidle whitelist +io.appium.uiautomator2.server.test ;'
&amp#27;[38;5;107m[4a9f4674]&amp#27;[0m&amp#27;[38;5;229m[ADB]&amp#27;[0m Using 'apksigner.jar' from 'C:\Users\scottbyron.escueta\AppData\Local\Android\Sdk\build-tools\36.1.0\lib\apksigner.jar'
&amp#27;[38;5;107m[4a9f4674]&amp#27;[0m&amp#27;[38;5;229m[ADB]&amp#27;[0m Starting apksigner: 'C:\Program Files\Java\jdk-25\bin\java.exe' -Xmx1024M -Xss1m -jar 'C:\Users\scottbyron.escueta\AppData\Local\Android\Sdk\build-tools\36.1.0\lib\apksigner.jar' verify --print-certs C\://Users//scottbyron.escueta//eclipse-workspace//AppiumSetup//src//test//resources//Apk//app-dev-release.apk
&amp#27;[38;5;107m[4a9f4674]&amp#27;[0m&amp#27;[38;5;229m[ADB]&amp#27;[0m apksigner stdout: Signer #1 certificate DN: CN=Ecashpay Asia, OU=Ecashpay Asia, O=Ecashpay Asia, L=Quezon City, ST=Metro Manila, C=Ph
Signer #1 certificate SHA-256 digest: 217b6903fc8ad0bb3ff3598d53e82c249180af856d1ed3cba3232ae25360533d
Signer #1 certificate SHA-1 digest: e390f1398dbee72de44fea9fcbbebeb4d5634ff5
Signer #1 certificate MD5 digest: bfe6686b5dc3b441e5ccf2cb6fcaac27

&amp#27;[38;5;107m[4a9f4674]&amp#27;[0m&amp#27;[38;5;229m[ADB]&amp#27;[0m apksigner stderr: WARNING: A restricted method in java.lang.System has been called
WARNING: java.lang.System::loadLibrary has been called by org.conscrypt.NativeLibraryUtil in an unnamed module (file:/C:/Users/scottbyron.escueta/AppData/Local/Android/Sdk/build-tools/36.1.0/lib/apksigner.jar)
WARNING: Use --enable-native-access=ALL-UNNAMED to avoid a warning for callers in this module
WARNING: Restricted methods will be blocked in a future release unless native access is enabled


&amp#27;[38;5;107m[4a9f4674]&amp#27;[0m&amp#27;[38;5;229m[ADB]&amp#27;[0m 'C://Users//scottbyron.escueta//eclipse-workspace//AppiumSetup//src//test//resources//Apk//app-dev-release.apk' is signed with a non-default certificate
&amp#27;[38;5;107m[4a9f4674]&amp#27;[0m&amp#27;[38;5;229m[ADB]&amp#27;[0m Getting package info for 'com.ecashpayasia'
&amp#27;[38;5;107m[4a9f4674]&amp#27;[0m&amp#27;[38;5;229m[ADB]&amp#27;[0m Running 'C:\Users\scottbyron.escueta\AppData\Local\Android\Sdk\platform-tools\adb.exe -P 5037 -s emulator-5554 shell dumpsys package com.ecashpayasia'
&amp#27;[38;5;107m[4a9f4674]&amp#27;[0m&amp#27;[38;5;229m[ADB]&amp#27;[0m Reading package manifest: ''C:\Users\scottbyron.escueta\AppData\Local\Android\Sdk\build-tools\36.1.0\aapt2.exe' dump badging C\://Users//scottbyron.escueta//eclipse-workspace//AppiumSetup//src//test//resources//Apk//app-dev-release.apk'
&amp#27;[38;5;107m[4a9f4674]&amp#27;[0m&amp#27;[38;5;229m[ADB]&amp#27;[0m The version name of the installed 'com.ecashpayasia' is greater or equal to the application version name ('3.0.7' >= '3.0.7')
&amp#27;[38;5;107m[4a9f4674]&amp#27;[0m&amp#27;[38;5;229m[ADB]&amp#27;[0m There is no need to install/upgrade 'C://Users//scottbyron.escueta//eclipse-workspace//AppiumSetup//src//test//resources//Apk//app-dev-release.apk'
&amp#27;[38;5;107m[4a9f4674]&amp#27;[0m&amp#27;[38;5;-128m[AndroidUiautomator2Driver@fb83]&amp#27;[0m Performing fast reset on 'com.ecashpayasia'
&amp#27;[38;5;107m[4a9f4674]&amp#27;[0m&amp#27;[38;5;229m[ADB]&amp#27;[0m Getting install status for com.ecashpayasia
&amp#27;[38;5;107m[4a9f4674]&amp#27;[0m&amp#27;[38;5;229m[ADB]&amp#27;[0m Running 'C:\Users\scottbyron.escueta\AppData\Local\Android\Sdk\platform-tools\adb.exe -P 5037 -s emulator-5554 shell cmd package list packages'
&amp#27;[38;5;107m[4a9f4674]&amp#27;[0m&amp#27;[38;5;229m[ADB]&amp#27;[0m 'com.ecashpayasia' is installed
&amp#27;[38;5;107m[4a9f4674]&amp#27;[0m&amp#27;[38;5;229m[ADB]&amp#27;[0m Running 'C:\Users\scottbyron.escueta\AppData\Local\Android\Sdk\platform-tools\adb.exe -P 5037 -s emulator-5554 shell am force-stop com.ecashpayasia'
&amp#27;[38;5;107m[4a9f4674]&amp#27;[0m&amp#27;[38;5;229m[ADB]&amp#27;[0m Running 'C:\Users\scottbyron.escueta\AppData\Local\Android\Sdk\platform-tools\adb.exe -P 5037 -s emulator-5554 shell pm clear com.ecashpayasia'
&amp#27;[38;5;107m[4a9f4674]&amp#27;[0m&amp#27;[38;5;-128m[AndroidUiautomator2Driver@fb83]&amp#27;[0m Performed fast reset on the installed 'com.ecashpayasia' application (stop and clear)
&amp#27;[38;5;107m[4a9f4674]&amp#27;[0m&amp#27;[38;5;-128m[AndroidUiautomator2Driver@fb83]&amp#27;[0m Performing shallow cleanup of automation leftovers
&amp#27;[38;5;107m[4a9f4674]&amp#27;[0m&amp#27;[38;5;-128m[AndroidUiautomator2Driver@fb83]&amp#27;[0m No obsolete sessions have been detected (socket hang up)
&amp#27;[38;5;107m[4a9f4674]&amp#27;[0m&amp#27;[38;5;229m[ADB]&amp#27;[0m Running 'C:\Users\scottbyron.escueta\AppData\Local\Android\Sdk\platform-tools\adb.exe -P 5037 -s emulator-5554 shell am force-stop io.appium.uiautomator2.server'
&amp#27;[38;5;107m[4a9f4674]&amp#27;[0m&amp#27;[38;5;229m[ADB]&amp#27;[0m Running 'C:\Users\scottbyron.escueta\AppData\Local\Android\Sdk\platform-tools\adb.exe -P 5037 -s emulator-5554 shell am force-stop io.appium.uiautomator2.server.test'
&amp#27;[38;5;107m[4a9f4674]&amp#27;[0m&amp#27;[38;5;-128m[AndroidUiautomator2Driver@fb83]&amp#27;[0m Starting UIAutomator2 server 8.1.1
&amp#27;[38;5;107m[4a9f4674]&amp#27;[0m&amp#27;[38;5;-128m[AndroidUiautomator2Driver@fb83]&amp#27;[0m Using UIAutomator2 server from 'C:\Users\scottbyron.escueta\node_modules\appium-uiautomator2-driver\node_modules\appium-uiautomator2-server\apks\appium-uiautomator2-server-v8.1.1.apk' and test from 'C:\Users\scottbyron.escueta\node_modules\appium-uiautomator2-driver\node_modules\appium-uiautomator2-server\apks\appium-uiautomator2-server-debug-androidTest.apk'
&amp#27;[38;5;107m[4a9f4674]&amp#27;[0m&amp#27;[38;5;-128m[AndroidUiautomator2Driver@fb83]&amp#27;[0m Waiting up to 30000ms for UiAutomator2 to be online...
&amp#27;[38;5;107m[4a9f4674]&amp#27;[0m&amp#27;[38;5;229m[ADB]&amp#27;[0m Creating ADB subprocess with args: ["-P","5037","-s","emulator-5554","shell","am","instrument","-w","-e","disableAnalytics","true","io.appium.uiautomator2.server.test/androidx.test.runner.AndroidJUnitRunner"]
&amp#27;[38;5;107m[4a9f4674]&amp#27;[0m&amp#27;[38;5;-128m[AndroidUiautomator2Driver@fb83]&amp#27;[0m Matched '/status' to command name 'getStatus'
&amp#27;[38;5;107m[4a9f4674]&amp#27;[0m&amp#27;[38;5;-128m[AndroidUiautomator2Driver@fb83]&amp#27;[0m Proxying [GET /status] to [GET http://127.0.0.1:8200/status] with no body
&amp#27;[38;5;107m[4a9f4674]&amp#27;[0m&amp#27;[38;5;-128m[AndroidUiautomator2Driver@fb83]&amp#27;[0m socket hang up
&amp#27;[38;5;107m[4a9f4674]&amp#27;[0m&amp#27;[38;5;-128m[AndroidUiautomator2Driver@fb83]&amp#27;[0m Matched '/status' to command name 'getStatus'
&amp#27;[38;5;107m[4a9f4674]&amp#27;[0m&amp#27;[38;5;-128m[AndroidUiautomator2Driver@fb83]&amp#27;[0m Proxying [GET /status] to [GET http://127.0.0.1:8200/status] with no body
&amp#27;[38;5;107m[4a9f4674]&amp#27;[0m&amp#27;[38;5;-128m[AndroidUiautomator2Driver@fb83]&amp#27;[0m socket hang up
&amp#27;[38;5;107m[4a9f4674]&amp#27;[0m&amp#27;[38;5;-128m[AndroidUiautomator2Driver@fb83]&amp#27;[0m [Instrumentation] 
&amp#27;[38;5;107m[4a9f4674]&amp#27;[0m&amp#27;[38;5;-128m[AndroidUiautomator2Driver@fb83]&amp#27;[0m Matched '/status' to command name 'getStatus'
&amp#27;[38;5;107m[4a9f4674]&amp#27;[0m&amp#27;[38;5;-128m[AndroidUiautomator2Driver@fb83]&amp#27;[0m Proxying [GET /status] to [GET http://127.0.0.1:8200/status] with no body
&amp#27;[38;5;107m[4a9f4674]&amp#27;[0m&amp#27;[38;5;-128m[AndroidUiautomator2Driver@fb83]&amp#27;[0m Got response with status 200: {"sessionId":"None","value":{"build":{"version":"8.1.1","versionCode":223},"message":"UiAutomator2 Server is ready to accept commands","ready":true}}
&amp#27;[38;5;107m[4a9f4674]&amp#27;[0m&amp#27;[38;5;-128m[AndroidUiautomator2Driver@fb83]&amp#27;[0m The initialization of the instrumentation process took 2253ms
&amp#27;[38;5;107m[4a9f4674]&amp#27;[0m&amp#27;[38;5;-128m[AndroidUiautomator2Driver@fb83]&amp#27;[0m Matched '/session' to command name 'createSession'
&amp#27;[38;5;107m[4a9f4674]&amp#27;[0m&amp#27;[38;5;-128m[AndroidUiautomator2Driver@fb83]&amp#27;[0m Proxying [POST /session] to [POST http://127.0.0.1:8200/session] with body: {"capabilities":{"firstMatch":[{"platformName":"ANDROID","deviceName":"emulator-5554","automationName":"UIAutomator2","app":"C://Users//scottbyron.escueta//eclipse-workspace//AppiumSetup//src//test//resources//Apk//app-dev-release.apk","platform":"LINUX","webStorageEnabled":false,"takesScreenshot":true,"javascriptEnabled":true,"databaseEnabled":false,"networkConnectionEnabled":true,"locationContextEnabled":false,"warnings":{},"desired":{"platformName":"ANDROID","deviceName":"TestAppiumGPTT","automationName":"UIAutomator2","app":"C://Users//scottbyron.escueta//eclipse-workspace//AppiumSetup//src//test//resources//Apk//app-dev-release.apk"},"deviceUDID":"emulator-5554","appPackage":"com.ecashpayasia","appActivity":"com.ecashpayasia.MainActivity"}],"alwaysMatch":{}}}
&amp#27;[38;5;107m[4a9f4674]&amp#27;[0m&amp#27;[38;5;-128m[AndroidUiautomator2Driver@fb83]&amp#27;[0m Got response with status 200: {"sessionId":"e0197972-dce0-4f60-ad11-2d0e6a7268c6","value":{"capabilities":{"firstMatch":[{"platformName":"ANDROID","deviceName":"emulator-5554","automationName":"UIAutomator2","app":"C://Users//scottbyron.escueta//eclipse-workspace//AppiumSetup//src//test//resources//Apk//app-dev-release.apk","platform":"LINUX","webStorageEnabled":false,"takesScreenshot":true,"javascriptEnabled":true,"databaseEnabled":false,"networkConnectionEnabled":true,"locationContextEnabled":false,"warnings":{},"desired":{"platformName":"ANDROID","deviceName":"TestAppiumGPTT","automationName":"UIAutomator2","app":"C://Users//scottbyron.escueta//eclipse-workspace//AppiumSetup//src//test//resources//Apk//app-dev-release.apk"},"deviceUDID":"emulator-5554","appPackage":"com.ecashpayasia","appActivity":"com.ecashpayasia.MainActivity"}],"alwaysMatch":{}},"sessionId":"e0197972-dce0-4f60-ad11-2d0e6a7268c6"}}
&amp#27;[38;5;107m[4a9f4674]&amp#27;[0m&amp#27;[38;5;-128m[AndroidUiautomator2Driver@fb83]&amp#27;[0m Determined the downstream protocol as 'W3C'
&amp#27;[38;5;107m[4a9f4674]&amp#27;[0m&amp#27;[38;5;-128m[AndroidUiautomator2Driver@fb83]&amp#27;[0m Proxying [GET /appium/device/pixel_ratio] to [GET http://127.0.0.1:8200/session/e0197972-dce0-4f60-ad11-2d0e6a7268c6/appium/device/pixel_ratio] with no body
&amp#27;[38;5;107m[4a9f4674]&amp#27;[0m&amp#27;[38;5;-128m[AndroidUiautomator2Driver@fb83]&amp#27;[0m Proxying [GET /appium/device/system_bars] to [GET http://127.0.0.1:8200/session/e0197972-dce0-4f60-ad11-2d0e6a7268c6/appium/device/system_bars] with no body
&amp#27;[38;5;107m[4a9f4674]&amp#27;[0m&amp#27;[38;5;-128m[AndroidUiautomator2Driver@fb83]&amp#27;[0m Proxying [GET /window/current/size] to [GET http://127.0.0.1:8200/session/e0197972-dce0-4f60-ad11-2d0e6a7268c6/window/current/size] with no body
&amp#27;[38;5;107m[4a9f4674]&amp#27;[0m&amp#27;[38;5;-128m[AndroidUiautomator2Driver@fb83]&amp#27;[0m Proxying [GET /appium/device/info] to [GET http://127.0.0.1:8200/session/e0197972-dce0-4f60-ad11-2d0e6a7268c6/appium/device/info] with no body
&amp#27;[38;5;107m[4a9f4674]&amp#27;[0m&amp#27;[38;5;229m[ADB]&amp#27;[0m Running 'C:\Users\scottbyron.escueta\AppData\Local\Android\Sdk\platform-tools\adb.exe -P 5037 -s emulator-5554 shell dumpsys window'
&amp#27;[38;5;107m[4a9f4674]&amp#27;[0m&amp#27;[38;5;229m[ADB]&amp#27;[0m Running 'C:\Users\scottbyron.escueta\AppData\Local\Android\Sdk\platform-tools\adb.exe -P 5037 -s emulator-5554 shell dumpsys power'
&amp#27;[38;5;107m[4a9f4674]&amp#27;[0m&amp#27;[38;5;-128m[AndroidUiautomator2Driver@fb83]&amp#27;[0m Got response with status 200: {"sessionId":"e0197972-dce0-4f60-ad11-2d0e6a7268c6","value":2.75}
&amp#27;[38;5;107m[4a9f4674]&amp#27;[0m&amp#27;[38;5;-128m[AndroidUiautomator2Driver@fb83]&amp#27;[0m Got response with status 200: {"sessionId":"e0197972-dce0-4f60-ad11-2d0e6a7268c6","value":{"height":2280,"width":1080}}
&amp#27;[38;5;107m[4a9f4674]&amp#27;[0m&amp#27;[38;5;-128m[AndroidUiautomator2Driver@fb83]&amp#27;[0m Got response with status 200: {"sessionId":"e0197972-dce0-4f60-ad11-2d0e6a7268c6","value":{"statusBar":83}}
&amp#27;[38;5;107m[4a9f4674]&amp#27;[0m&amp#27;[38;5;-128m[AndroidUiautomator2Driver@fb83]&amp#27;[0m Got response with status 200: {"sessionId":"e0197972-dce0-4f60-ad11-2d0e6a7268c6","value":{"androidId":"33f0a92de2293035","apiVersion":"33","bluetooth":{"state":"ON"},"brand":"google","carrierName":"T-Mobile","displayDensity":440,"locale":"en_US","manufacturer":"Google","model":"sdk_gphone64_x86_64","networks":[{"capabilities":{"SSID":null,"linkDownBandwidthKbps":30000,"linkUpstreamBandwidthKbps":12000,"networkCapabilities":"NET_CAPABILITY_NOT_METERED,NET_CAPABILITY_INTERNET,NET_CAPABILITY_NOT_RESTRICTED,NET_CAPABILITY_TRUSTED,NET_CAPABILITY_NOT_VPN,NET_CAPABILITY_VALIDATED,NET_CAPABILITY_NOT_ROAMING,NET_CAPABILITY_FOREGROUND,NET_CAPABILITY_NOT_CONGESTED,NET_CAPABILITY_NOT_SUSPENDED","signalStrength":-50,"transportTypes":"TRANSPORT_WIFI"},"detailedState":"CONNECTED","extraInfo":"","isAvailable":true,"isConnected":true,"isFailover":false,"isRoaming":false,"state":"CONNECTED","subtype":-1,"subtypeName":"","type":1,"typeName":"WIFI"},{"capabilities":{"SSID":null,"linkDownBandwidthKbps":4300,"linkUpstreamBandwidthKbps":1800,"networkCapabil...
&amp#27;[38;5;107m[4a9f4674]&amp#27;[0m&amp#27;[38;5;-128m[AndroidUiautomator2Driver@fb83]&amp#27;[0m Screen already unlocked, doing nothing
&amp#27;[38;5;107m[4a9f4674]&amp#27;[0m&amp#27;[38;5;-128m[AndroidUiautomator2Driver@fb83]&amp#27;[0m Starting 'com.ecashpayasia/com.ecashpayasia.MainActivity' and waiting for 'com.ecashpayasia/com.ecashpayasia.MainActivity'
&amp#27;[38;5;107m[4a9f4674]&amp#27;[0m&amp#27;[38;5;229m[ADB]&amp#27;[0m Running 'C:\Users\scottbyron.escueta\AppData\Local\Android\Sdk\platform-tools\adb.exe -P 5037 -s emulator-5554 shell am start-activity -W -n com.ecashpayasia/com.ecashpayasia.MainActivity -S -a android.intent.action.MAIN -c android.intent.category.LAUNCHER -f 0x10200000'
&amp#27;[38;5;107m[4a9f4674]&amp#27;[0m&amp#27;[38;5;229m[ADB]&amp#27;[0m Expected package names to be focused within 20000ms: 'com.ecashpayasia'
&amp#27;[38;5;107m[4a9f4674]&amp#27;[0m&amp#27;[38;5;229m[ADB]&amp#27;[0m Expected activity name patterns to be focused within 20000ms: '/^com\.ecashpayasia\.MainActivity$/'
&amp#27;[38;5;107m[4a9f4674]&amp#27;[0m&amp#27;[38;5;229m[ADB]&amp#27;[0m Getting focused package and activity
&amp#27;[38;5;107m[4a9f4674]&amp#27;[0m&amp#27;[38;5;229m[ADB]&amp#27;[0m Running 'C:\Users\scottbyron.escueta\AppData\Local\Android\Sdk\platform-tools\adb.exe -P 5037 -s emulator-5554 shell dumpsys window displays'
&amp#27;[38;5;107m[4a9f4674]&amp#27;[0m&amp#27;[38;5;229m[ADB]&amp#27;[0m Focused package: com.ecashpayasia
&amp#27;[38;5;107m[4a9f4674]&amp#27;[0m&amp#27;[38;5;229m[ADB]&amp#27;[0m Focused fully qualified activity name: com.ecashpayasia.MainActivity
&amp#27;[38;5;107m[4a9f4674]&amp#27;[0m&amp#27;[38;5;123m[AppiumDriver@e749]&amp#27;[0m New AndroidUiautomator2Driver session created successfully, session 4a9f4674-251f-46b4-864d-fd83438366c7 added to master session list
&amp#27;[38;5;107m[4a9f4674]&amp#27;[0m&amp#27;[38;5;123m[AppiumDriver@e749]&amp#27;[0m Event 'newSessionStarted' logged at 1761023252894 (13:07:32 GMT+0800 (China Standard Time))
&amp#27;[38;5;107m[4a9f4674]&amp#27;[0m&amp#27;[38;5;-128m[AndroidUiautomator2Driver@fb83]&amp#27;[0m Cached the protocol value 'W3C' for the new session 4a9f4674-251f-46b4-864d-fd83438366c7
&amp#27;[38;5;107m[4a9f4674]&amp#27;[0m&amp#27;[38;5;-128m[AndroidUiautomator2Driver@fb83]&amp#27;[0m Responding to client with driver.createSession() result: {"capabilities":{"platformName":"ANDROID","deviceName":"emulator-5554","automationName":"UIAutomator2","app":"C://Users//scottbyron.escueta//eclipse-workspace//AppiumSetup//src//test//resources//Apk//app-dev-release.apk","platform":"LINUX","webStorageEnabled":false,"takesScreenshot":true,"javascriptEnabled":true,"databaseEnabled":false,"networkConnectionEnabled":true,"locationContextEnabled":false,"warnings":{},"desired":{"platformName":"ANDROID","deviceName":"TestAppiumGPTT","automationName":"UIAutomator2","app":"C://Users//scottbyron.escueta//eclipse-workspace//AppiumSetup//src//test//resources//Apk//app-dev-release.apk"},"deviceUDID":"emulator-5554","appPackage":"com.ecashpayasia","appActivity":"com.ecashpayasia.MainActivity","pixelRatio":"2.75","statBarHeight":83,"viewportRect":{"left":0,"top":83,"width":1080,"height":2197},"deviceApiLevel":33,"platformVersion":"13","deviceManufacturer":"Google","deviceModel":"sdk_gphone64_x86_64","deviceScreenSize":"1080x2280","deviceScreenDensity":440}}
&amp#27;[38;5;107m[4a9f4674]&amp#27;[0m&amp#27;[38;5;86m[HTTP]&amp#27;[0m &amp#27;[37m<-- POST /session &amp#27;[39m&amp#27;[32m200&amp#27;[39m &amp#27;[90m8269 ms - 1068&amp#27;[39m &amp#27;[90m&amp#27;[39m
&amp#27;[38;5;107m[4a9f4674]&amp#27;[0m&amp#27;[38;5;86m[HTTP]&amp#27;[0m &amp#27;[37m-->&amp#27;[39m &amp#27;[37mDELETE&amp#27;[39m &amp#27;[37m/session/4a9f4674-251f-46b4-864d-fd83438366c7&amp#27;[39m &amp#27;[90m&amp#27;[39m
&amp#27;[38;5;107m[4a9f4674]&amp#27;[0m&amp#27;[38;5;-128m[AndroidUiautomator2Driver@fb83]&amp#27;[0m Calling AppiumDriver.deleteSession() with args: ["4a9f4674-251f-46b4-864d-fd83438366c7"]
&amp#27;[38;5;107m[4a9f4674]&amp#27;[0m&amp#27;[38;5;123m[AppiumDriver@e749]&amp#27;[0m Event 'quitSessionRequested' logged at 1761023252905 (13:07:32 GMT+0800 (China Standard Time))
&amp#27;[38;5;107m[4a9f4674]&amp#27;[0m&amp#27;[38;5;123m[AppiumDriver@e749]&amp#27;[0m Removing session 4a9f4674-251f-46b4-864d-fd83438366c7 from our master session list
&amp#27;[38;5;107m[4a9f4674]&amp#27;[0m&amp#27;[38;5;-128m[AndroidUiautomator2Driver@fb83]&amp#27;[0m Deleting UiAutomator2 session
&amp#27;[38;5;107m[4a9f4674]&amp#27;[0m&amp#27;[38;5;-128m[AndroidUiautomator2Driver@fb83]&amp#27;[0m Deleting UiAutomator2 server session
&amp#27;[38;5;107m[4a9f4674]&amp#27;[0m&amp#27;[38;5;-128m[AndroidUiautomator2Driver@fb83]&amp#27;[0m Proxying [DELETE /] to [DELETE http://127.0.0.1:8200/session/e0197972-dce0-4f60-ad11-2d0e6a7268c6] with no body
&amp#27;[38;5;107m[4a9f4674]&amp#27;[0m&amp#27;[38;5;-128m[AndroidUiautomator2Driver@fb83]&amp#27;[0m Got response with status 200: {"sessionId":"e0197972-dce0-4f60-ad11-2d0e6a7268c6","value":null}
&amp#27;[38;5;107m[4a9f4674]&amp#27;[0m&amp#27;[38;5;229m[ADB]&amp#27;[0m Getting IDs of all 'io.appium.uiautomator2.server' processes
&amp#27;[38;5;107m[4a9f4674]&amp#27;[0m&amp#27;[38;5;229m[ADB]&amp#27;[0m Running 'C:\Users\scottbyron.escueta\AppData\Local\Android\Sdk\platform-tools\adb.exe -P 5037 -s emulator-5554 shell dumpsys activity processes'
&amp#27;[38;5;107m[4a9f4674]&amp#27;[0m&amp#27;[38;5;-128m[AndroidUiautomator2Driver@fb83]&amp#27;[0m [Instrumentation] io.appium.uiautomator2.server.test.AppiumUiAutomator2Server:.
&amp#27;[38;5;107m[4a9f4674]&amp#27;[0m&amp#27;[38;5;-128m[AndroidUiautomator2Driver@fb83]&amp#27;[0m [Instrumentation] 
&amp#27;[38;5;107m[4a9f4674]&amp#27;[0m&amp#27;[38;5;-128m[AndroidUiautomator2Driver@fb83]&amp#27;[0m [Instrumentation] Time: 4.022
&amp#27;[38;5;107m[4a9f4674]&amp#27;[0m&amp#27;[38;5;-128m[AndroidUiautomator2Driver@fb83]&amp#27;[0m [Instrumentation] 
&amp#27;[38;5;107m[4a9f4674]&amp#27;[0m&amp#27;[38;5;-128m[AndroidUiautomator2Driver@fb83]&amp#27;[0m [Instrumentation] OK (1 test)
&amp#27;[38;5;107m[4a9f4674]&amp#27;[0m&amp#27;[38;5;-128m[AndroidUiautomator2Driver@fb83]&amp#27;[0m [Instrumentation] 
&amp#27;[38;5;107m[4a9f4674]&amp#27;[0m&amp#27;[38;5;-128m[AndroidUiautomator2Driver@fb83]&amp#27;[0m [Instrumentation] 
&amp#27;[38;5;107m[4a9f4674]&amp#27;[0m&amp#27;[38;5;-128m[AndroidUiautomator2Driver@fb83]&amp#27;[0m [Instrumentation] The process has exited with code 0, signal null
&amp#27;[38;5;107m[4a9f4674]&amp#27;[0m&amp#27;[38;5;229m[ADB]&amp#27;[0m Getting IDs of all 'io.appium.uiautomator2.server' processes
&amp#27;[38;5;107m[4a9f4674]&amp#27;[0m&amp#27;[38;5;229m[ADB]&amp#27;[0m Running 'C:\Users\scottbyron.escueta\AppData\Local\Android\Sdk\platform-tools\adb.exe -P 5037 -s emulator-5554 shell dumpsys activity processes'
&amp#27;[38;5;107m[4a9f4674]&amp#27;[0m&amp#27;[38;5;229m[ADB]&amp#27;[0m Running 'C:\Users\scottbyron.escueta\AppData\Local\Android\Sdk\platform-tools\adb.exe -P 5037 -s emulator-5554 shell am force-stop io.appium.uiautomator2.server'
&amp#27;[38;5;107m[4a9f4674]&amp#27;[0m&amp#27;[38;5;229m[ADB]&amp#27;[0m Running 'C:\Users\scottbyron.escueta\AppData\Local\Android\Sdk\platform-tools\adb.exe -P 5037 -s emulator-5554 shell am force-stop io.appium.uiautomator2.server.test'
&amp#27;[38;5;107m[4a9f4674]&amp#27;[0m&amp#27;[38;5;229m[ADB]&amp#27;[0m Running 'C:\Users\scottbyron.escueta\AppData\Local\Android\Sdk\platform-tools\adb.exe -P 5037 -s emulator-5554 shell dumpsys activity services io.appium.settings/.recorder.RecorderService'
&amp#27;[38;5;107m[4a9f4674]&amp#27;[0m&amp#27;[38;5;229m[ADB]&amp#27;[0m Running 'C:\Users\scottbyron.escueta\AppData\Local\Android\Sdk\platform-tools\adb.exe -P 5037 -s emulator-5554 shell am force-stop com.ecashpayasia'
&amp#27;[38;5;107m[4a9f4674]&amp#27;[0m&amp#27;[38;5;229m[ADB]&amp#27;[0m Removing forwarded port socket connection: 8200 
&amp#27;[38;5;107m[4a9f4674]&amp#27;[0m&amp#27;[38;5;229m[ADB]&amp#27;[0m Running 'C:\Users\scottbyron.escueta\AppData\Local\Android\Sdk\platform-tools\adb.exe -P 5037 -s emulator-5554 forward --remove tcp:8200'
&amp#27;[38;5;107m[4a9f4674]&amp#27;[0m&amp#27;[38;5;-128m[AndroidUiautomator2Driver@fb83]&amp#27;[0m Restoring hidden api policy to the device default configuration
&amp#27;[38;5;107m[4a9f4674]&amp#27;[0m&amp#27;[38;5;229m[ADB]&amp#27;[0m Running 'C:\Users\scottbyron.escueta\AppData\Local\Android\Sdk\platform-tools\adb.exe -P 5037 -s emulator-5554 shell 'settings delete global hidden_api_policy_pre_p_apps;settings delete global hidden_api_policy_p_apps;settings delete global hidden_api_policy''
&amp#27;[38;5;107m[4a9f4674]&amp#27;[0m&amp#27;[38;5;160m[Logcat]&amp#27;[0m Stopping logcat capture
&amp#27;[38;5;107m[4a9f4674]&amp#27;[0m&amp#27;[38;5;123m[AppiumDriver@e749]&amp#27;[0m Event 'quitSessionFinished' logged at 1761023254318 (13:07:34 GMT+0800 (China Standard Time))
&amp#27;[38;5;107m[4a9f4674]&amp#27;[0m&amp#27;[38;5;123m[AppiumDriver@e749]&amp#27;[0m Received response: null
&amp#27;[38;5;107m[4a9f4674]&amp#27;[0m&amp#27;[38;5;123m[AppiumDriver@e749]&amp#27;[0m But deleting session, so not returning
&amp#27;[38;5;107m[4a9f4674]&amp#27;[0m&amp#27;[38;5;123m[AppiumDriver@e749]&amp#27;[0m Responding to client with driver.deleteSession() result: null
&amp#27;[38;5;107m[4a9f4674]&amp#27;[0m&amp#27;[38;5;86m[HTTP]&amp#27;[0m &amp#27;[37m<-- DELETE /session/4a9f4674-251f-46b4-864d-fd83438366c7 &amp#27;[39m&amp#27;[32m200&amp#27;[39m &amp#27;[90m1415 ms - 14&amp#27;[39m &amp#27;[90m&amp#27;[39m
]]></system-out>
  </testcase>
</testsuite>