<?xml version="1.0" encoding="UTF-8"?>
<testng-results ignored="0" total="2" passed="2" failed="0" skipped="0">
  <reporter-output>
  </reporter-output>
  <suite started-at="2025-10-20T13:30:05 CST" name="Suite" finished-at="2025-10-20T13:30:32 CST" duration-ms="27297">
    <groups>
    </groups>
    <test started-at="2025-10-20T13:30:05 CST" name="Test" finished-at="2025-10-20T13:30:32 CST" duration-ms="27297">
      <class name="appiumSetup.BaseNativeApp">
        <test-method signature="NativeApp()[pri:0, instance:appiumSetup.BaseNativeApp@1700915]" started-at="2025-10-20T13:30:22 CST" name="NativeApp" finished-at="2025-10-20T13:30:32 CST" duration-ms="10372" status="PASS">
          <reporter-output>
          </reporter-output>
        </test-method> <!-- NativeApp -->
      </class> <!-- appiumSetup.BaseNativeApp -->
      <class name="appiumSetup.BaseWebApp">
        <test-method signature="AppiumConnect()[pri:0, instance:appiumSetup.BaseWebApp@6580cfdd]" started-at="2025-10-20T13:30:05 CST" name="AppiumConnect" finished-at="2025-10-20T13:30:22 CST" duration-ms="16888" status="PASS">
          <reporter-output>
          </reporter-output>
        </test-method> <!-- AppiumConnect -->
      </class> <!-- appiumSetup.BaseWebApp -->
    </test> <!-- Test -->
  </suite> <!-- Suite -->
</testng-results>
