<?xml version="1.0" encoding="UTF-8"?>
<testng-results ignored="0" total="1" passed="1" failed="0" skipped="0">
  <reporter-output>
  </reporter-output>
  <suite started-at="2025-10-21T18:01:04 CST" name="Default suite" finished-at="2025-10-21T18:01:32 CST" duration-ms="28338">
    <groups>
    </groups>
    <test started-at="2025-10-21T18:01:04 CST" name="Default test" finished-at="2025-10-21T18:01:32 CST" duration-ms="28338">
      <class name="appiumSetup.BaseWebApp">
        <test-method signature="AppiumConnect()[pri:0, instance:appiumSetup.BaseWebApp@654f0d9c]" started-at="2025-10-21T18:01:04 CST" name="AppiumConnect" finished-at="2025-10-21T18:01:32 CST" duration-ms="28304" status="PASS">
          <reporter-output>
          </reporter-output>
        </test-method> <!-- AppiumConnect -->
      </class> <!-- appiumSetup.BaseWebApp -->
    </test> <!-- Default test -->
  </suite> <!-- Default suite -->
</testng-results>
